{"/home/travis/build/npmtest/node-npmtest-harp/test.js":{"path":"/home/travis/build/npmtest/node-npmtest-harp/test.js","s":{"1":2,"2":2,"3":2,"4":2,"5":2,"6":2,"7":2,"8":1,"9":2,"10":2,"11":1,"12":1,"13":1,"14":1,"15":2,"16":2,"17":2,"18":2,"19":1,"20":1,"21":2,"22":2,"23":2,"24":1,"25":1,"26":1,"27":1,"28":1,"29":1,"30":1,"31":1,"32":1,"33":1,"34":1,"35":1,"36":1,"37":1,"38":1,"39":2,"40":2,"41":1,"42":2,"43":2,"44":1,"45":2,"46":2,"47":1,"48":2,"49":2,"50":1,"51":1,"52":1,"53":1,"54":1},"b":{"1":[2,1,1,1],"2":[1,1,1,1],"3":[1,1],"4":[1,1],"5":[1,1],"6":[1,1],"7":[1,1],"8":[1,1],"9":[1,1],"10":[1,1,1],"11":[1,1],"12":[1,1],"13":[1,1],"14":[1,1],"15":[1,1],"16":[1,1],"17":[1,1]},"f":{"1":2,"2":2,"3":2,"4":2,"5":2,"6":1,"7":1,"8":1,"9":2,"10":2,"11":2,"12":2,"13":1},"fnMap":{"1":{"name":"(anonymous_1)","line":12,"loc":{"start":{"line":12,"column":1},"end":{"line":12,"column":13}}},"2":{"name":"(anonymous_2)","line":19,"loc":{"start":{"line":19,"column":5},"end":{"line":19,"column":17}}},"3":{"name":"(anonymous_3)","line":23,"loc":{"start":{"line":23,"column":24},"end":{"line":23,"column":36}}},"4":{"name":"(anonymous_4)","line":61,"loc":{"start":{"line":61,"column":5},"end":{"line":61,"column":17}}},"5":{"name":"(anonymous_5)","line":82,"loc":{"start":{"line":82,"column":5},"end":{"line":82,"column":17}}},"6":{"name":"(anonymous_6)","line":91,"loc":{"start":{"line":91,"column":77},"end":{"line":94,"column":10}}},"7":{"name":"(anonymous_7)","line":112,"loc":{"start":{"line":112,"column":83},"end":{"line":115,"column":10}},"skip":true},"8":{"name":"(anonymous_8)","line":123,"loc":{"start":{"line":123,"column":77},"end":{"line":126,"column":10}},"skip":true},"9":{"name":"(anonymous_9)","line":139,"loc":{"start":{"line":139,"column":12},"end":{"line":139,"column":40}},"skip":true},"10":{"name":"(anonymous_10)","line":147,"loc":{"start":{"line":147,"column":77},"end":{"line":150,"column":10}},"skip":true},"11":{"name":"(anonymous_11)","line":158,"loc":{"start":{"line":158,"column":83},"end":{"line":161,"column":10}},"skip":true},"12":{"name":"(anonymous_12)","line":169,"loc":{"start":{"line":169,"column":79},"end":{"line":172,"column":10}},"skip":true},"13":{"name":"(anonymous_13)","line":180,"loc":{"start":{"line":180,"column":75},"end":{"line":183,"column":10}},"skip":true}},"statementMap":{"1":{"start":{"line":12,"column":0},"end":{"line":195,"column":5}},"2":{"start":{"line":14,"column":4},"end":{"line":14,"column":14}},"3":{"start":{"line":19,"column":4},"end":{"line":56,"column":9}},"4":{"start":{"line":21,"column":8},"end":{"line":21,"column":19}},"5":{"start":{"line":23,"column":8},"end":{"line":35,"column":13}},"6":{"start":{"line":24,"column":12},"end":{"line":34,"column":13}},"7":{"start":{"line":25,"column":16},"end":{"line":28,"column":30}},"8":{"start":{"line":30,"column":16},"end":{"line":33,"column":27}},"9":{"start":{"line":37,"column":8},"end":{"line":39,"column":21}},"10":{"start":{"line":40,"column":8},"end":{"line":53,"column":9}},"11":{"start":{"line":43,"column":12},"end":{"line":46,"column":14}},"12":{"start":{"line":47,"column":12},"end":{"line":47,"column":18}},"13":{"start":{"line":50,"column":12},"end":{"line":51,"column":46}},"14":{"start":{"line":52,"column":12},"end":{"line":52,"column":18}},"15":{"start":{"line":55,"column":8},"end":{"line":55,"column":35}},"16":{"start":{"line":61,"column":4},"end":{"line":63,"column":9}},"17":{"start":{"line":62,"column":8},"end":{"line":62,"column":15}},"18":{"start":{"line":64,"column":4},"end":{"line":77,"column":5}},"19":{"start":{"line":70,"column":8},"end":{"line":70,"column":14}},"20":{"start":{"line":76,"column":8},"end":{"line":76,"column":14}},"21":{"start":{"line":82,"column":4},"end":{"line":84,"column":9}},"22":{"start":{"line":83,"column":8},"end":{"line":83,"column":15}},"23":{"start":{"line":85,"column":4},"end":{"line":194,"column":5}},"24":{"start":{"line":91,"column":8},"end":{"line":99,"column":10}},"25":{"start":{"line":98,"column":12},"end":{"line":98,"column":35}},"26":{"start":{"line":102,"column":8},"end":{"line":104,"column":63}},"27":{"start":{"line":105,"column":8},"end":{"line":105,"column":14}},"28":{"start":{"line":112,"column":8},"end":{"line":121,"column":10},"skip":true},"29":{"start":{"line":119,"column":12},"end":{"line":119,"column":55},"skip":true},"30":{"start":{"line":120,"column":12},"end":{"line":120,"column":48},"skip":true},"31":{"start":{"line":123,"column":8},"end":{"line":136,"column":10},"skip":true},"32":{"start":{"line":130,"column":12},"end":{"line":130,"column":76},"skip":true},"33":{"start":{"line":131,"column":12},"end":{"line":131,"column":73},"skip":true},"34":{"start":{"line":132,"column":12},"end":{"line":132,"column":74},"skip":true},"35":{"start":{"line":133,"column":12},"end":{"line":133,"column":79},"skip":true},"36":{"start":{"line":134,"column":12},"end":{"line":134,"column":25},"skip":true},"37":{"start":{"line":135,"column":12},"end":{"line":135,"column":45},"skip":true},"38":{"start":{"line":138,"column":8},"end":{"line":145,"column":14},"skip":true},"39":{"start":{"line":143,"column":16},"end":{"line":143,"column":29},"skip":true},"40":{"start":{"line":144,"column":16},"end":{"line":144,"column":55},"skip":true},"41":{"start":{"line":147,"column":8},"end":{"line":156,"column":10},"skip":true},"42":{"start":{"line":154,"column":12},"end":{"line":154,"column":25},"skip":true},"43":{"start":{"line":155,"column":12},"end":{"line":155,"column":45},"skip":true},"44":{"start":{"line":158,"column":8},"end":{"line":167,"column":10},"skip":true},"45":{"start":{"line":165,"column":12},"end":{"line":165,"column":25},"skip":true},"46":{"start":{"line":166,"column":12},"end":{"line":166,"column":48},"skip":true},"47":{"start":{"line":169,"column":8},"end":{"line":178,"column":10},"skip":true},"48":{"start":{"line":176,"column":12},"end":{"line":176,"column":25},"skip":true},"49":{"start":{"line":177,"column":12},"end":{"line":177,"column":46},"skip":true},"50":{"start":{"line":180,"column":8},"end":{"line":189,"column":10},"skip":true},"51":{"start":{"line":187,"column":12},"end":{"line":187,"column":94},"skip":true},"52":{"start":{"line":188,"column":12},"end":{"line":188,"column":48},"skip":true},"53":{"start":{"line":192,"column":8},"end":{"line":192,"column":35},"skip":true},"54":{"start":{"line":193,"column":8},"end":{"line":193,"column":14},"skip":true}},"branchMap":{"1":{"line":25,"type":"binary-expr","locations":[{"start":{"line":25,"column":23},"end":{"line":25,"column":62}},{"start":{"line":26,"column":20},"end":{"line":26,"column":70}},{"start":{"line":27,"column":20},"end":{"line":27,"column":71}},{"start":{"line":28,"column":20},"end":{"line":28,"column":29}}]},"2":{"line":30,"type":"binary-expr","locations":[{"start":{"line":30,"column":23},"end":{"line":30,"column":37}},{"start":{"line":31,"column":20},"end":{"line":31,"column":61}},{"start":{"line":32,"column":20},"end":{"line":32,"column":70}},{"start":{"line":33,"column":20},"end":{"line":33,"column":26}}]},"3":{"line":37,"type":"cond-expr","locations":[{"start":{"line":38,"column":14},"end":{"line":38,"column":20}},{"start":{"line":39,"column":14},"end":{"line":39,"column":20}}]},"4":{"line":40,"type":"switch","locations":[{"start":{"line":42,"column":8},"end":{"line":47,"column":18}},{"start":{"line":49,"column":8},"end":{"line":52,"column":18}}]},"5":{"line":44,"type":"binary-expr","locations":[{"start":{"line":44,"column":16},"end":{"line":44,"column":44}},{"start":{"line":44,"column":48},"end":{"line":44,"column":66}}]},"6":{"line":50,"type":"binary-expr","locations":[{"start":{"line":50,"column":21},"end":{"line":50,"column":49}},{"start":{"line":50,"column":53},"end":{"line":50,"column":72}}]},"7":{"line":64,"type":"switch","locations":[{"start":{"line":69,"column":4},"end":{"line":70,"column":14}},{"start":{"line":75,"column":4},"end":{"line":76,"column":14}}]},"8":{"line":85,"type":"switch","locations":[{"start":{"line":90,"column":4},"end":{"line":105,"column":14}},{"start":{"line":111,"column":4},"end":{"line":193,"column":14},"skip":true}]},"9":{"line":91,"type":"binary-expr","locations":[{"start":{"line":91,"column":42},"end":{"line":91,"column":73}},{"start":{"line":91,"column":77},"end":{"line":99,"column":9}}]},"10":{"line":102,"type":"binary-expr","locations":[{"start":{"line":102,"column":18},"end":{"line":102,"column":32}},{"start":{"line":103,"column":12},"end":{"line":103,"column":53}},{"start":{"line":104,"column":12},"end":{"line":104,"column":61}}]},"11":{"line":112,"type":"binary-expr","locations":[{"start":{"line":112,"column":45},"end":{"line":112,"column":79},"skip":true},{"start":{"line":112,"column":83},"end":{"line":121,"column":9},"skip":true}]},"12":{"line":123,"type":"binary-expr","locations":[{"start":{"line":123,"column":42},"end":{"line":123,"column":73},"skip":true},{"start":{"line":123,"column":77},"end":{"line":136,"column":9},"skip":true}]},"13":{"line":138,"type":"binary-expr","locations":[{"start":{"line":138,"column":48},"end":{"line":138,"column":85},"skip":true},{"start":{"line":139,"column":12},"end":{"line":145,"column":13},"skip":true}]},"14":{"line":147,"type":"binary-expr","locations":[{"start":{"line":147,"column":42},"end":{"line":147,"column":73},"skip":true},{"start":{"line":147,"column":77},"end":{"line":156,"column":9},"skip":true}]},"15":{"line":158,"type":"binary-expr","locations":[{"start":{"line":158,"column":45},"end":{"line":158,"column":79},"skip":true},{"start":{"line":158,"column":83},"end":{"line":167,"column":9},"skip":true}]},"16":{"line":169,"type":"binary-expr","locations":[{"start":{"line":169,"column":43},"end":{"line":169,"column":75},"skip":true},{"start":{"line":169,"column":79},"end":{"line":178,"column":9},"skip":true}]},"17":{"line":180,"type":"binary-expr","locations":[{"start":{"line":180,"column":41},"end":{"line":180,"column":71},"skip":true},{"start":{"line":180,"column":75},"end":{"line":189,"column":9},"skip":true}]}},"code":["/* istanbul instrument in package npmtest_harp */","/*jslint","    bitwise: true,","    browser: true,","    maxerr: 8,","    maxlen: 96,","    node: true,","    nomen: true,","    regexp: true,","    stupid: true","*/","(function () {","    'use strict';","    var local;","","","","    // run shared js-env code - pre-init","    (function () {","        // init local","        local = {};","        // init modeJs","        local.modeJs = (function () {","            try {","                return typeof navigator.userAgent === 'string' &&","                    typeof document.querySelector('body') === 'object' &&","                    typeof XMLHttpRequest.prototype.open === 'function' &&","                    'browser';","            } catch (errorCaughtBrowser) {","                return module.exports &&","                    typeof process.versions.node === 'string' &&","                    typeof require('http').createServer === 'function' &&","                    'node';","            }","        }());","        // init global","        local.global = local.modeJs === 'browser'","            ? window","            : global;","        switch (local.modeJs) {","        // re-init local from window.local","        case 'browser':","            local = local.global.utility2.objectSetDefault(","                local.global.utility2_rollup || local.global.local,","                local.global.utility2","            );","            break;","        // re-init local from example.js","        case 'node':","            local = (local.global.utility2_rollup || require('utility2'))","                .requireExampleJsFromReadme();","            break;","        }","        // export local","        local.global.local = local;","    }());","","","","    // run shared js-env code - function","    (function () {","        return;","    }());","    switch (local.modeJs) {","","","","    // run browser js-env code - function","    case 'browser':","        break;","","","","    // run node js-env code - function","    case 'node':","        break;","    }","","","","    // run shared js-env code - post-init","    (function () {","        return;","    }());","    switch (local.modeJs) {","","","","    // run browser js-env code - post-init","    case 'browser':","        local.testCase_browser_nullCase = local.testCase_browser_nullCase || function (","            options,","            onError","        ) {","        /*","         * this function will test browsers's null-case handling-behavior-behavior","         */","            onError(null, options);","        };","","        // run tests","        local.nop(local.modeTest &&","            document.querySelector('#testRunButton1') &&","            document.querySelector('#testRunButton1').click());","        break;","","","","    // run node js-env code - post-init","    /* istanbul ignore next */","    case 'node':","        local.testCase_buildApidoc_default = local.testCase_buildApidoc_default || function (","            options,","            onError","        ) {","        /*","         * this function will test buildApidoc's default handling-behavior-behavior","         */","            options = { modulePathList: module.paths };","            local.buildApidoc(options, onError);","        };","","        local.testCase_buildApp_default = local.testCase_buildApp_default || function (","            options,","            onError","        ) {","        /*","         * this function will test buildApp's default handling-behavior-behavior","         */","            local.testCase_buildReadme_default(options, local.onErrorThrow);","            local.testCase_buildLib_default(options, local.onErrorThrow);","            local.testCase_buildTest_default(options, local.onErrorThrow);","            local.testCase_buildCustomOrg_default(options, local.onErrorThrow);","            options = [];","            local.buildApp(options, onError);","        };","","        local.testCase_buildCustomOrg_default = local.testCase_buildCustomOrg_default ||","            function (options, onError) {","            /*","             * this function will test buildCustomOrg's default handling-behavior","             */","                options = {};","                local.buildCustomOrg(options, onError);","            };","","        local.testCase_buildLib_default = local.testCase_buildLib_default || function (","            options,","            onError","        ) {","        /*","         * this function will test buildLib's default handling-behavior","         */","            options = {};","            local.buildLib(options, onError);","        };","","        local.testCase_buildReadme_default = local.testCase_buildReadme_default || function (","            options,","            onError","        ) {","        /*","         * this function will test buildReadme's default handling-behavior-behavior","         */","            options = {};","            local.buildReadme(options, onError);","        };","","        local.testCase_buildTest_default = local.testCase_buildTest_default || function (","            options,","            onError","        ) {","        /*","         * this function will test buildTest's default handling-behavior","         */","            options = {};","            local.buildTest(options, onError);","        };","","        local.testCase_webpage_default = local.testCase_webpage_default || function (","            options,","            onError","        ) {","        /*","         * this function will test webpage's default handling-behavior","         */","            options = { modeCoverageMerge: true, url: local.serverLocalHost + '?modeTest=1' };","            local.browserTest(options, onError);","        };","","        // run test-server","        local.testRunServer(local);","        break;","    }","}());",""],"l":{"12":2,"14":2,"19":2,"21":2,"23":2,"24":2,"25":2,"30":1,"37":2,"40":2,"43":1,"47":1,"50":1,"52":1,"55":2,"61":2,"62":2,"64":2,"70":1,"76":1,"82":2,"83":2,"85":2,"91":1,"98":1,"102":1,"105":1,"112":1,"119":1,"120":1,"123":1,"130":1,"131":1,"132":1,"133":1,"134":1,"135":1,"138":1,"143":2,"144":2,"147":1,"154":2,"155":2,"158":1,"165":2,"166":2,"169":1,"176":2,"177":2,"180":1,"187":1,"188":1,"192":1,"193":1}},"/home/travis/build/npmtest/node-npmtest-harp/lib.npmtest_harp.js":{"path":"/home/travis/build/npmtest/node-npmtest-harp/lib.npmtest_harp.js","s":{"1":2,"2":2,"3":2,"4":2,"5":2,"6":2,"7":2,"8":1,"9":2,"10":2,"11":2,"12":2,"13":1,"14":1,"15":1,"16":1},"b":{"1":[2,1,1,1],"2":[1,1,1,1],"3":[1,1],"4":[2,2],"5":[1,1]},"f":{"1":2,"2":2,"3":2},"fnMap":{"1":{"name":"(anonymous_1)","line":12,"loc":{"start":{"line":12,"column":1},"end":{"line":12,"column":13}}},"2":{"name":"(anonymous_2)","line":19,"loc":{"start":{"line":19,"column":5},"end":{"line":19,"column":17}}},"3":{"name":"(anonymous_3)","line":23,"loc":{"start":{"line":23,"column":24},"end":{"line":23,"column":36}}}},"statementMap":{"1":{"start":{"line":12,"column":0},"end":{"line":53,"column":5}},"2":{"start":{"line":14,"column":4},"end":{"line":14,"column":14}},"3":{"start":{"line":19,"column":4},"end":{"line":52,"column":9}},"4":{"start":{"line":21,"column":8},"end":{"line":21,"column":19}},"5":{"start":{"line":23,"column":8},"end":{"line":35,"column":13}},"6":{"start":{"line":24,"column":12},"end":{"line":34,"column":13}},"7":{"start":{"line":25,"column":16},"end":{"line":28,"column":30}},"8":{"start":{"line":30,"column":16},"end":{"line":33,"column":27}},"9":{"start":{"line":37,"column":8},"end":{"line":39,"column":21}},"10":{"start":{"line":41,"column":8},"end":{"line":41,"column":54}},"11":{"start":{"line":43,"column":8},"end":{"line":43,"column":49}},"12":{"start":{"line":45,"column":8},"end":{"line":51,"column":9}},"13":{"start":{"line":46,"column":12},"end":{"line":46,"column":55}},"14":{"start":{"line":48,"column":12},"end":{"line":48,"column":35}},"15":{"start":{"line":49,"column":12},"end":{"line":49,"column":49}},"16":{"start":{"line":50,"column":12},"end":{"line":50,"column":43}}},"branchMap":{"1":{"line":25,"type":"binary-expr","locations":[{"start":{"line":25,"column":23},"end":{"line":25,"column":62}},{"start":{"line":26,"column":20},"end":{"line":26,"column":70}},{"start":{"line":27,"column":20},"end":{"line":27,"column":71}},{"start":{"line":28,"column":20},"end":{"line":28,"column":29}}]},"2":{"line":30,"type":"binary-expr","locations":[{"start":{"line":30,"column":23},"end":{"line":30,"column":37}},{"start":{"line":31,"column":20},"end":{"line":31,"column":61}},{"start":{"line":32,"column":20},"end":{"line":32,"column":70}},{"start":{"line":33,"column":20},"end":{"line":33,"column":26}}]},"3":{"line":37,"type":"cond-expr","locations":[{"start":{"line":38,"column":14},"end":{"line":38,"column":20}},{"start":{"line":39,"column":14},"end":{"line":39,"column":20}}]},"4":{"line":41,"type":"binary-expr","locations":[{"start":{"line":41,"column":16},"end":{"line":41,"column":44}},{"start":{"line":41,"column":48},"end":{"line":41,"column":53}}]},"5":{"line":45,"type":"if","locations":[{"start":{"line":45,"column":8},"end":{"line":45,"column":8}},{"start":{"line":45,"column":8},"end":{"line":45,"column":8}}]}},"code":["/* istanbul instrument in package npmtest_harp */","/*jslint","    bitwise: true,","    browser: true,","    maxerr: 8,","    maxlen: 96,","    node: true,","    nomen: true,","    regexp: true,","    stupid: true","*/","(function () {","    'use strict';","    var local;","","","","    // run shared js-env code - pre-init","    (function () {","        // init local","        local = {};","        // init modeJs","        local.modeJs = (function () {","            try {","                return typeof navigator.userAgent === 'string' &&","                    typeof document.querySelector('body') === 'object' &&","                    typeof XMLHttpRequest.prototype.open === 'function' &&","                    'browser';","            } catch (errorCaughtBrowser) {","                return module.exports &&","                    typeof process.versions.node === 'string' &&","                    typeof require('http').createServer === 'function' &&","                    'node';","            }","        }());","        // init global","        local.global = local.modeJs === 'browser'","            ? window","            : global;","        // init utility2_rollup","        local = local.global.utility2_rollup || local;","        // init lib","        local.local = local.npmtest_harp = local;","        // init exports","        if (local.modeJs === 'browser') {","            local.global.utility2_npmtest_harp = local;","        } else {","            module.exports = local;","            module.exports.__dirname = __dirname;","            module.exports.module = module;","        }","    }());","}());",""],"l":{"12":2,"14":2,"19":2,"21":2,"23":2,"24":2,"25":2,"30":1,"37":2,"41":2,"43":2,"45":2,"46":1,"48":1,"49":1,"50":1}},"/home/travis/build/npmtest/node-npmtest-harp/example.js":{"path":"/home/travis/build/npmtest/node-npmtest-harp/example.js","s":{"1":2,"2":2,"3":2,"4":2,"5":2,"6":2,"7":2,"8":1,"9":2,"10":2,"11":2,"12":2,"13":1,"14":2,"15":2,"16":2,"17":2,"18":2,"19":0,"20":2,"21":1,"22":1,"23":1,"24":1,"25":1,"26":0,"27":0,"28":1,"29":1,"30":2,"31":0,"32":0,"33":0,"34":1,"35":2,"36":2,"37":3,"38":3,"39":3,"40":3,"41":0,"42":3,"43":3,"44":3,"45":1,"46":3,"47":1,"48":1,"49":1,"50":1,"51":1,"52":1,"53":1,"54":1,"55":1,"56":1,"57":0,"58":1,"59":6,"60":6,"61":1,"62":2,"63":0,"64":2,"65":1,"66":1,"67":0,"68":0,"69":0,"70":0,"71":0,"72":0,"73":0,"74":0,"75":0,"76":0,"77":0,"78":0,"79":0,"80":0,"81":0,"82":0,"83":0},"b":{"1":[2,1,1,1],"2":[1,1,1,1],"3":[1,1],"4":[2,2],"5":[1,1],"6":[1,1],"7":[2,0],"8":[2,1,1,1,1,1],"9":[0,2,0],"10":[1,1],"11":[2,1,1],"12":[1,0],"13":[0,2],"14":[2,0,0,0,0,0,0],"15":[0,3],"16":[3,0],"17":[1,1],"18":[0,1],"19":[1,2,0,2],"20":[1,0],"21":[1,1],"22":[0,0],"23":[0,0],"24":[0,0],"25":[0,0],"26":[0,0],"27":[0,0],"28":[0,0]},"f":{"1":2,"2":2,"3":2,"4":2,"5":2,"6":2,"7":3,"8":3,"9":3,"10":1,"11":6,"12":0},"fnMap":{"1":{"name":"(anonymous_1)","line":26,"loc":{"start":{"line":26,"column":1},"end":{"line":26,"column":13}}},"2":{"name":"(anonymous_2)","line":33,"loc":{"start":{"line":33,"column":5},"end":{"line":33,"column":17}}},"3":{"name":"(anonymous_3)","line":37,"loc":{"start":{"line":37,"column":24},"end":{"line":37,"column":36}}},"4":{"name":"(anonymous_4)","line":69,"loc":{"start":{"line":69,"column":31},"end":{"line":69,"column":48}},"skip":true},"5":{"name":"(anonymous_5)","line":78,"loc":{"start":{"line":78,"column":26},"end":{"line":78,"column":45}},"skip":true},"6":{"name":"(anonymous_6)","line":123,"loc":{"start":{"line":123,"column":33},"end":{"line":123,"column":48}},"skip":true},"7":{"name":"(anonymous_7)","line":125,"loc":{"start":{"line":125,"column":27},"end":{"line":125,"column":39}},"skip":true},"8":{"name":"(anonymous_8)","line":133,"loc":{"start":{"line":133,"column":59},"end":{"line":133,"column":74}},"skip":true},"9":{"name":"(anonymous_9)","line":143,"loc":{"start":{"line":143,"column":45},"end":{"line":143,"column":62}},"skip":true},"10":{"name":"(anonymous_10)","line":144,"loc":{"start":{"line":144,"column":73},"end":{"line":144,"column":92}},"skip":true},"11":{"name":"(anonymous_11)","line":272,"loc":{"start":{"line":272,"column":51},"end":{"line":272,"column":77}},"skip":true},"12":{"name":"(anonymous_12)","line":315,"loc":{"start":{"line":315,"column":32},"end":{"line":315,"column":61}},"skip":true}},"statementMap":{"1":{"start":{"line":26,"column":0},"end":{"line":326,"column":5}},"2":{"start":{"line":28,"column":4},"end":{"line":28,"column":14}},"3":{"start":{"line":33,"column":4},"end":{"line":60,"column":9}},"4":{"start":{"line":35,"column":8},"end":{"line":35,"column":19}},"5":{"start":{"line":37,"column":8},"end":{"line":49,"column":13}},"6":{"start":{"line":38,"column":12},"end":{"line":48,"column":13}},"7":{"start":{"line":39,"column":16},"end":{"line":42,"column":30}},"8":{"start":{"line":44,"column":16},"end":{"line":47,"column":27}},"9":{"start":{"line":51,"column":8},"end":{"line":53,"column":21}},"10":{"start":{"line":55,"column":8},"end":{"line":57,"column":45}},"11":{"start":{"line":59,"column":8},"end":{"line":59,"column":35}},"12":{"start":{"line":61,"column":4},"end":{"line":325,"column":5}},"13":{"start":{"line":69,"column":8},"end":{"line":121,"column":10},"skip":true},"14":{"start":{"line":70,"column":12},"end":{"line":88,"column":13},"skip":true},"15":{"start":{"line":76,"column":16},"end":{"line":87,"column":19},"skip":true},"16":{"start":{"line":79,"column":20},"end":{"line":86,"column":21},"skip":true},"17":{"start":{"line":82,"column":24},"end":{"line":82,"column":43},"skip":true},"18":{"start":{"line":83,"column":24},"end":{"line":83,"column":30},"skip":true},"19":{"start":{"line":85,"column":24},"end":{"line":85,"column":49},"skip":true},"20":{"start":{"line":89,"column":12},"end":{"line":107,"column":13},"skip":true},"21":{"start":{"line":92,"column":16},"end":{"line":102,"column":17},"skip":true},"22":{"start":{"line":93,"column":20},"end":{"line":93,"column":86},"skip":true},"23":{"start":{"line":94,"column":20},"end":{"line":95,"column":45},"skip":true},"24":{"start":{"line":96,"column":20},"end":{"line":96,"column":42},"skip":true},"25":{"start":{"line":97,"column":20},"end":{"line":97,"column":48},"skip":true},"26":{"start":{"line":100,"column":20},"end":{"line":100,"column":85},"skip":true},"27":{"start":{"line":101,"column":20},"end":{"line":101,"column":96},"skip":true},"28":{"start":{"line":103,"column":16},"end":{"line":103,"column":22},"skip":true},"29":{"start":{"line":106,"column":16},"end":{"line":106,"column":22},"skip":true},"30":{"start":{"line":108,"column":12},"end":{"line":120,"column":13},"skip":true},"31":{"start":{"line":114,"column":16},"end":{"line":119,"column":17},"skip":true},"32":{"start":{"line":116,"column":20},"end":{"line":116,"column":78},"skip":true},"33":{"start":{"line":118,"column":20},"end":{"line":118,"column":47},"skip":true},"34":{"start":{"line":123,"column":8},"end":{"line":141,"column":11},"skip":true},"35":{"start":{"line":124,"column":12},"end":{"line":124,"column":54},"skip":true},"36":{"start":{"line":125,"column":12},"end":{"line":140,"column":14},"skip":true},"37":{"start":{"line":126,"column":16},"end":{"line":126,"column":28},"skip":true},"38":{"start":{"line":127,"column":16},"end":{"line":127,"column":69},"skip":true},"39":{"start":{"line":128,"column":16},"end":{"line":128,"column":75},"skip":true},"40":{"start":{"line":129,"column":16},"end":{"line":131,"column":17},"skip":true},"41":{"start":{"line":130,"column":20},"end":{"line":130,"column":27},"skip":true},"42":{"start":{"line":133,"column":16},"end":{"line":137,"column":36},"skip":true},"43":{"start":{"line":134,"column":20},"end":{"line":136,"column":55},"skip":true},"44":{"start":{"line":139,"column":16},"end":{"line":139,"column":57},"skip":true},"45":{"start":{"line":143,"column":8},"end":{"line":147,"column":11},"skip":true},"46":{"start":{"line":144,"column":12},"end":{"line":146,"column":15},"skip":true},"47":{"start":{"line":145,"column":16},"end":{"line":145,"column":70},"skip":true},"48":{"start":{"line":149,"column":8},"end":{"line":149,"column":31},"skip":true},"49":{"start":{"line":150,"column":8},"end":{"line":150,"column":14},"skip":true},"50":{"start":{"line":158,"column":8},"end":{"line":158,"column":31},"skip":true},"51":{"start":{"line":160,"column":8},"end":{"line":160,"column":33},"skip":true},"52":{"start":{"line":161,"column":8},"end":{"line":161,"column":37},"skip":true},"53":{"start":{"line":162,"column":8},"end":{"line":162,"column":35},"skip":true},"54":{"start":{"line":164,"column":8},"end":{"line":164,"column":50},"skip":true},"55":{"start":{"line":166,"column":8},"end":{"line":256,"column":2},"skip":true},"56":{"start":{"line":258,"column":8},"end":{"line":286,"column":9},"skip":true},"57":{"start":{"line":259,"column":12},"end":{"line":269,"column":14},"skip":true},"58":{"start":{"line":271,"column":12},"end":{"line":285,"column":19},"skip":true},"59":{"start":{"line":274,"column":20},"end":{"line":274,"column":35},"skip":true},"60":{"start":{"line":275,"column":20},"end":{"line":284,"column":21},"skip":true},"61":{"start":{"line":277,"column":24},"end":{"line":277,"column":64},"skip":true},"62":{"start":{"line":279,"column":24},"end":{"line":279,"column":40},"skip":true},"63":{"start":{"line":281,"column":24},"end":{"line":281,"column":40},"skip":true},"64":{"start":{"line":283,"column":24},"end":{"line":283,"column":39},"skip":true},"65":{"start":{"line":288,"column":8},"end":{"line":290,"column":9},"skip":true},"66":{"start":{"line":289,"column":12},"end":{"line":289,"column":18},"skip":true},"67":{"start":{"line":291,"column":8},"end":{"line":293,"column":54},"skip":true},"68":{"start":{"line":296,"column":8},"end":{"line":301,"column":37},"skip":true},"69":{"start":{"line":303,"column":8},"end":{"line":303,"column":82},"skip":true},"70":{"start":{"line":306,"column":8},"end":{"line":308,"column":9},"skip":true},"71":{"start":{"line":307,"column":12},"end":{"line":307,"column":82},"skip":true},"72":{"start":{"line":310,"column":8},"end":{"line":312,"column":9},"skip":true},"73":{"start":{"line":311,"column":12},"end":{"line":311,"column":18},"skip":true},"74":{"start":{"line":313,"column":8},"end":{"line":313,"column":54},"skip":true},"75":{"start":{"line":314,"column":8},"end":{"line":314,"column":69},"skip":true},"76":{"start":{"line":315,"column":8},"end":{"line":323,"column":36},"skip":true},"77":{"start":{"line":316,"column":12},"end":{"line":316,"column":61},"skip":true},"78":{"start":{"line":317,"column":12},"end":{"line":320,"column":13},"skip":true},"79":{"start":{"line":318,"column":16},"end":{"line":318,"column":75},"skip":true},"80":{"start":{"line":319,"column":16},"end":{"line":319,"column":23},"skip":true},"81":{"start":{"line":321,"column":12},"end":{"line":321,"column":38},"skip":true},"82":{"start":{"line":322,"column":12},"end":{"line":322,"column":27},"skip":true},"83":{"start":{"line":324,"column":8},"end":{"line":324,"column":14},"skip":true}},"branchMap":{"1":{"line":39,"type":"binary-expr","locations":[{"start":{"line":39,"column":23},"end":{"line":39,"column":62}},{"start":{"line":40,"column":20},"end":{"line":40,"column":70}},{"start":{"line":41,"column":20},"end":{"line":41,"column":71}},{"start":{"line":42,"column":20},"end":{"line":42,"column":29}}]},"2":{"line":44,"type":"binary-expr","locations":[{"start":{"line":44,"column":23},"end":{"line":44,"column":37}},{"start":{"line":45,"column":20},"end":{"line":45,"column":61}},{"start":{"line":46,"column":20},"end":{"line":46,"column":70}},{"start":{"line":47,"column":20},"end":{"line":47,"column":26}}]},"3":{"line":51,"type":"cond-expr","locations":[{"start":{"line":52,"column":14},"end":{"line":52,"column":20}},{"start":{"line":53,"column":14},"end":{"line":53,"column":20}}]},"4":{"line":55,"type":"binary-expr","locations":[{"start":{"line":55,"column":16},"end":{"line":55,"column":44}},{"start":{"line":55,"column":49},"end":{"line":57,"column":43}}]},"5":{"line":55,"type":"cond-expr","locations":[{"start":{"line":56,"column":14},"end":{"line":56,"column":48}},{"start":{"line":57,"column":14},"end":{"line":57,"column":43}}]},"6":{"line":61,"type":"switch","locations":[{"start":{"line":68,"column":4},"end":{"line":150,"column":14},"skip":true},{"start":{"line":156,"column":4},"end":{"line":324,"column":14},"skip":true}]},"7":{"line":70,"type":"if","locations":[{"start":{"line":70,"column":12},"end":{"line":70,"column":12},"skip":true},{"start":{"line":70,"column":12},"end":{"line":70,"column":12},"skip":true}]},"8":{"line":70,"type":"binary-expr","locations":[{"start":{"line":70,"column":16},"end":{"line":70,"column":22},"skip":true},{"start":{"line":70,"column":27},"end":{"line":70,"column":32},"skip":true},{"start":{"line":71,"column":20},"end":{"line":71,"column":39},"skip":true},{"start":{"line":72,"column":20},"end":{"line":72,"column":49},"skip":true},{"start":{"line":73,"column":20},"end":{"line":73,"column":58},"skip":true},{"start":{"line":74,"column":20},"end":{"line":74,"column":69},"skip":true}]},"9":{"line":79,"type":"switch","locations":[{"start":{"line":80,"column":20},"end":{"line":80,"column":33},"skip":true},{"start":{"line":81,"column":20},"end":{"line":83,"column":30},"skip":true},{"start":{"line":84,"column":20},"end":{"line":85,"column":49},"skip":true}]},"10":{"line":89,"type":"switch","locations":[{"start":{"line":90,"column":12},"end":{"line":103,"column":22},"skip":true},{"start":{"line":105,"column":12},"end":{"line":106,"column":22},"skip":true}]},"11":{"line":89,"type":"binary-expr","locations":[{"start":{"line":89,"column":20},"end":{"line":89,"column":25},"skip":true},{"start":{"line":89,"column":29},"end":{"line":89,"column":48},"skip":true},{"start":{"line":89,"column":52},"end":{"line":89,"column":74},"skip":true}]},"12":{"line":92,"type":"if","locations":[{"start":{"line":92,"column":16},"end":{"line":92,"column":16},"skip":true},{"start":{"line":92,"column":16},"end":{"line":92,"column":16},"skip":true}]},"13":{"line":108,"type":"if","locations":[{"start":{"line":108,"column":12},"end":{"line":108,"column":12},"skip":true},{"start":{"line":108,"column":12},"end":{"line":108,"column":12},"skip":true}]},"14":{"line":108,"type":"binary-expr","locations":[{"start":{"line":108,"column":16},"end":{"line":108,"column":61},"skip":true},{"start":{"line":108,"column":66},"end":{"line":108,"column":72},"skip":true},{"start":{"line":108,"column":77},"end":{"line":108,"column":82},"skip":true},{"start":{"line":109,"column":20},"end":{"line":109,"column":39},"skip":true},{"start":{"line":110,"column":20},"end":{"line":110,"column":49},"skip":true},{"start":{"line":111,"column":20},"end":{"line":111,"column":58},"skip":true},{"start":{"line":112,"column":20},"end":{"line":112,"column":68},"skip":true}]},"15":{"line":129,"type":"if","locations":[{"start":{"line":129,"column":16},"end":{"line":129,"column":16},"skip":true},{"start":{"line":129,"column":16},"end":{"line":129,"column":16},"skip":true}]},"16":{"line":134,"type":"cond-expr","locations":[{"start":{"line":135,"column":26},"end":{"line":135,"column":29},"skip":true},{"start":{"line":136,"column":26},"end":{"line":136,"column":54},"skip":true}]},"17":{"line":164,"type":"binary-expr","locations":[{"start":{"line":164,"column":27},"end":{"line":164,"column":43},"skip":true},{"start":{"line":164,"column":47},"end":{"line":164,"column":49},"skip":true}]},"18":{"line":258,"type":"if","locations":[{"start":{"line":258,"column":8},"end":{"line":258,"column":8},"skip":true},{"start":{"line":258,"column":8},"end":{"line":258,"column":8},"skip":true}]},"19":{"line":275,"type":"switch","locations":[{"start":{"line":276,"column":20},"end":{"line":277,"column":64},"skip":true},{"start":{"line":278,"column":20},"end":{"line":279,"column":40},"skip":true},{"start":{"line":280,"column":20},"end":{"line":281,"column":40},"skip":true},{"start":{"line":282,"column":20},"end":{"line":283,"column":39},"skip":true}]},"20":{"line":288,"type":"if","locations":[{"start":{"line":288,"column":8},"end":{"line":288,"column":8},"skip":true},{"start":{"line":288,"column":8},"end":{"line":288,"column":8},"skip":true}]},"21":{"line":288,"type":"binary-expr","locations":[{"start":{"line":288,"column":12},"end":{"line":288,"column":40},"skip":true},{"start":{"line":288,"column":44},"end":{"line":288,"column":67},"skip":true}]},"22":{"line":292,"type":"binary-expr","locations":[{"start":{"line":292,"column":12},"end":{"line":292,"column":50},"skip":true},{"start":{"line":293,"column":12},"end":{"line":293,"column":53},"skip":true}]},"23":{"line":297,"type":"binary-expr","locations":[{"start":{"line":297,"column":12},"end":{"line":297,"column":62},"skip":true},{"start":{"line":298,"column":12},"end":{"line":301,"column":36},"skip":true}]},"24":{"line":303,"type":"binary-expr","locations":[{"start":{"line":303,"column":43},"end":{"line":303,"column":75},"skip":true},{"start":{"line":303,"column":79},"end":{"line":303,"column":81},"skip":true}]},"25":{"line":306,"type":"if","locations":[{"start":{"line":306,"column":8},"end":{"line":306,"column":8},"skip":true},{"start":{"line":306,"column":8},"end":{"line":306,"column":8},"skip":true}]},"26":{"line":310,"type":"if","locations":[{"start":{"line":310,"column":8},"end":{"line":310,"column":8},"skip":true},{"start":{"line":310,"column":8},"end":{"line":310,"column":8},"skip":true}]},"27":{"line":313,"type":"binary-expr","locations":[{"start":{"line":313,"column":27},"end":{"line":313,"column":43},"skip":true},{"start":{"line":313,"column":47},"end":{"line":313,"column":53},"skip":true}]},"28":{"line":317,"type":"if","locations":[{"start":{"line":317,"column":12},"end":{"line":317,"column":12},"skip":true},{"start":{"line":317,"column":12},"end":{"line":317,"column":12},"skip":true}]}},"code":["/*","example.js","","quickstart example","","instruction","    1. save this script as example.js","    2. run the shell command:","        $ npm install npmtest-harp && PORT=8081 node example.js","    3. play with the browser-demo on http://127.0.0.1:8081","*/","","","","/* istanbul instrument in package npmtest_harp */","/*jslint","    bitwise: true,","    browser: true,","    maxerr: 8,","    maxlen: 96,","    node: true,","    nomen: true,","    regexp: true,","    stupid: true","*/","(function () {","    'use strict';","    var local;","","","","    // run shared js-env code - pre-init","    (function () {","        // init local","        local = {};","        // init modeJs","        local.modeJs = (function () {","            try {","                return typeof navigator.userAgent === 'string' &&","                    typeof document.querySelector('body') === 'object' &&","                    typeof XMLHttpRequest.prototype.open === 'function' &&","                    'browser';","            } catch (errorCaughtBrowser) {","                return module.exports &&","                    typeof process.versions.node === 'string' &&","                    typeof require('http').createServer === 'function' &&","                    'node';","            }","        }());","        // init global","        local.global = local.modeJs === 'browser'","            ? window","            : global;","        // init utility2_rollup","        local = local.global.utility2_rollup || (local.modeJs === 'browser'","            ? local.global.utility2_npmtest_harp","            : global.utility2_moduleExports);","        // export local","        local.global.local = local;","    }());","    switch (local.modeJs) {","","","","    // post-init","    // run browser js-env code - post-init","    /* istanbul ignore next */","    case 'browser':","        local.testRunBrowser = function (event) {","            if (!event || (event &&","                    event.currentTarget &&","                    event.currentTarget.className &&","                    event.currentTarget.className.includes &&","                    event.currentTarget.className.includes('onreset'))) {","                // reset output","                Array.from(","                    document.querySelectorAll('body > .resettable')","                ).forEach(function (element) {","                    switch (element.tagName) {","                    case 'INPUT':","                    case 'TEXTAREA':","                        element.value = '';","                        break;","                    default:","                        element.textContent = '';","                    }","                });","            }","            switch (event && event.currentTarget && event.currentTarget.id) {","            case 'testRunButton1':","                // show tests","                if (document.querySelector('#testReportDiv1').style.display === 'none') {","                    document.querySelector('#testReportDiv1').style.display = 'block';","                    document.querySelector('#testRunButton1').textContent =","                        'hide internal test';","                    local.modeTest = true;","                    local.testRunDefault(local);","                // hide tests","                } else {","                    document.querySelector('#testReportDiv1').style.display = 'none';","                    document.querySelector('#testRunButton1').textContent = 'run internal test';","                }","                break;","            // custom-case","            default:","                break;","            }","            if (document.querySelector('#inputTextareaEval1') && (!event || (event &&","                    event.currentTarget &&","                    event.currentTarget.className &&","                    event.currentTarget.className.includes &&","                    event.currentTarget.className.includes('oneval')))) {","                // try to eval input-code","                try {","                    /*jslint evil: true*/","                    eval(document.querySelector('#inputTextareaEval1').value);","                } catch (errorCaught) {","                    console.error(errorCaught);","                }","            }","        };","        // log stderr and stdout to #outputTextareaStdout1","        ['error', 'log'].forEach(function (key) {","            console[key + '_original'] = console[key];","            console[key] = function () {","                var element;","                console[key + '_original'].apply(console, arguments);","                element = document.querySelector('#outputTextareaStdout1');","                if (!element) {","                    return;","                }","                // append text to #outputTextareaStdout1","                element.value += Array.from(arguments).map(function (arg) {","                    return typeof arg === 'string'","                        ? arg","                        : JSON.stringify(arg, null, 4);","                }).join(' ') + '\\n';","                // scroll textarea to bottom","                element.scrollTop = element.scrollHeight;","            };","        });","        // init event-handling","        ['change', 'click', 'keyup'].forEach(function (event) {","            Array.from(document.querySelectorAll('.on' + event)).forEach(function (element) {","                element.addEventListener(event, local.testRunBrowser);","            });","        });","        // run tests","        local.testRunBrowser();","        break;","","","","    // run node js-env code - post-init","    /* istanbul ignore next */","    case 'node':","        // export local","        module.exports = local;","        // require modules","        local.fs = require('fs');","        local.http = require('http');","        local.url = require('url');","        // init assets","        local.assetsDict = local.assetsDict || {};","        /* jslint-ignore-begin */","        local.assetsDict['/assets.index.template.html'] = '\\","<!doctype html>\\n\\","<html lang=\"en\">\\n\\","<head>\\n\\","<meta charset=\"UTF-8\">\\n\\","<meta name=\"viewport\" content=\"width=device-width, initial-scale=1\">\\n\\","<title>{{env.npm_package_name}} (v{{env.npm_package_version}})</title>\\n\\","<style>\\n\\","/*csslint\\n\\","    box-sizing: false,\\n\\","    universal-selector: false\\n\\","*/\\n\\","* {\\n\\","    box-sizing: border-box;\\n\\","}\\n\\","body {\\n\\","    background: #dde;\\n\\","    font-family: Arial, Helvetica, sans-serif;\\n\\","    margin: 2rem;\\n\\","}\\n\\","body > * {\\n\\","    margin-bottom: 1rem;\\n\\","}\\n\\",".utility2FooterDiv {\\n\\","    margin-top: 20px;\\n\\","    text-align: center;\\n\\","}\\n\\","</style>\\n\\","<style>\\n\\","/*csslint\\n\\","*/\\n\\","textarea {\\n\\","    font-family: monospace;\\n\\","    height: 10rem;\\n\\","    width: 100%;\\n\\","}\\n\\","textarea[readonly] {\\n\\","    background: #ddd;\\n\\","}\\n\\","</style>\\n\\","</head>\\n\\","<body>\\n\\","<!-- utility2-comment\\n\\","<div id=\"ajaxProgressDiv1\" style=\"background: #d00; height: 2px; left: 0; margin: 0; padding: 0; position: fixed; top: 0; transition: background 0.5s, width 1.5s; width: 25%;\"></div>\\n\\","utility2-comment -->\\n\\","<h1>\\n\\","<!-- utility2-comment\\n\\","    <a\\n\\","        {{#if env.npm_package_homepage}}\\n\\","        href=\"{{env.npm_package_homepage}}\"\\n\\","        {{/if env.npm_package_homepage}}\\n\\","        target=\"_blank\"\\n\\","    >\\n\\","utility2-comment -->\\n\\","        {{env.npm_package_name}} (v{{env.npm_package_version}})\\n\\","<!-- utility2-comment\\n\\","    </a>\\n\\","utility2-comment -->\\n\\","</h1>\\n\\","<h3>{{env.npm_package_description}}</h3>\\n\\","<!-- utility2-comment\\n\\","<h4><a download href=\"assets.app.js\">download standalone app</a></h4>\\n\\","<button class=\"onclick onreset\" id=\"testRunButton1\">run internal test</button><br>\\n\\","<div id=\"testReportDiv1\" style=\"display: none;\"></div>\\n\\","utility2-comment -->\\n\\","\\n\\","\\n\\","\\n\\","<label>stderr and stdout</label>\\n\\","<textarea class=\"resettable\" id=\"outputTextareaStdout1\" readonly></textarea>\\n\\","<!-- utility2-comment\\n\\","{{#if isRollup}}\\n\\","<script src=\"assets.app.js\"></script>\\n\\","{{#unless isRollup}}\\n\\","utility2-comment -->\\n\\","<script src=\"assets.utility2.rollup.js\"></script>\\n\\","<script src=\"jsonp.utility2._stateInit?callback=window.utility2._stateInit\"></script>\\n\\","<script src=\"assets.npmtest_harp.rollup.js\"></script>\\n\\","<script src=\"assets.example.js\"></script>\\n\\","<script src=\"assets.test.js\"></script>\\n\\","<!-- utility2-comment\\n\\","{{/if isRollup}}\\n\\","utility2-comment -->\\n\\","<div class=\"utility2FooterDiv\">\\n\\","    [ this app was created with\\n\\","    <a href=\"https://github.com/kaizhu256/node-utility2\" target=\"_blank\">utility2</a>\\n\\","    ]\\n\\","</div>\\n\\","</body>\\n\\","</html>\\n\\","';","        /* jslint-ignore-end */","        if (local.templateRender) {","            local.assetsDict['/'] = local.templateRender(","                local.assetsDict['/assets.index.template.html'],","                {","                    env: local.objectSetDefault(local.env, {","                        npm_package_description: 'the greatest app in the world!',","                        npm_package_name: 'my-app',","                        npm_package_nameAlias: 'my_app',","                        npm_package_version: '0.0.1'","                    })","                }","            );","        } else {","            local.assetsDict['/'] = local.assetsDict['/assets.index.template.html']","                .replace((/\\{\\{env\\.(\\w+?)\\}\\}/g), function (match0, match1) {","                    // jslint-hack","                    String(match0);","                    switch (match1) {","                    case 'npm_package_description':","                        return 'the greatest app in the world!';","                    case 'npm_package_name':","                        return 'my-app';","                    case 'npm_package_nameAlias':","                        return 'my_app';","                    case 'npm_package_version':","                        return '0.0.1';","                    }","                });","        }","        // run the cli","        if (local.global.utility2_rollup || module !== require.main) {","            break;","        }","        local.assetsDict['/assets.example.js'] =","            local.assetsDict['/assets.example.js'] ||","            local.fs.readFileSync(__filename, 'utf8');","        // bug-workaround - long $npm_package_buildCustomOrg","        /* jslint-ignore-begin */","        local.assetsDict['/assets.npmtest_harp.rollup.js'] =","            local.assetsDict['/assets.npmtest_harp.rollup.js'] ||","            local.fs.readFileSync(","                local.npmtest_harp.__dirname + '/lib.npmtest_harp.js',","                'utf8'","            ).replace((/^#!/), '//');","        /* jslint-ignore-end */","        local.assetsDict['/favicon.ico'] = local.assetsDict['/favicon.ico'] || '';","        // if $npm_config_timeout_exit exists,","        // then exit this process after $npm_config_timeout_exit ms","        if (Number(process.env.npm_config_timeout_exit)) {","            setTimeout(process.exit, Number(process.env.npm_config_timeout_exit));","        }","        // start server","        if (local.global.utility2_serverHttp1) {","            break;","        }","        process.env.PORT = process.env.PORT || '8081';","        console.error('server starting on port ' + process.env.PORT);","        local.http.createServer(function (request, response) {","            request.urlParsed = local.url.parse(request.url);","            if (local.assetsDict[request.urlParsed.pathname] !== undefined) {","                response.end(local.assetsDict[request.urlParsed.pathname]);","                return;","            }","            response.statusCode = 404;","            response.end();","        }).listen(process.env.PORT);","        break;","    }","}());",""],"l":{"26":2,"28":2,"33":2,"35":2,"37":2,"38":2,"39":2,"44":1,"51":2,"55":2,"59":2,"61":2,"69":1,"70":2,"76":2,"79":2,"82":2,"83":2,"85":1,"89":2,"92":1,"93":1,"94":1,"96":1,"97":1,"100":1,"101":1,"103":1,"106":1,"108":2,"114":1,"116":1,"118":1,"123":1,"124":2,"125":2,"126":3,"127":3,"128":3,"129":3,"130":1,"133":3,"134":3,"139":3,"143":1,"144":3,"145":1,"149":1,"150":1,"158":1,"160":1,"161":1,"162":1,"164":1,"166":1,"258":1,"259":1,"271":1,"274":6,"275":6,"277":1,"279":2,"281":1,"283":2,"288":1,"289":1,"291":1,"296":1,"303":1,"306":1,"307":1,"310":1,"311":1,"313":1,"314":1,"315":1,"316":1,"317":1,"318":1,"319":1,"321":1,"322":1,"324":1}},"/home/travis/build/npmtest/node-npmtest-harp/node_modules/harp/lib/index.js":{"path":"/home/travis/build/npmtest/node-npmtest-harp/node_modules/harp/lib/index.js","s":{"1":1,"2":1,"3":1,"4":1,"5":1,"6":1,"7":1,"8":1,"9":1,"10":1,"11":0,"12":0,"13":0,"14":0,"15":0,"16":0,"17":0,"18":0,"19":0,"20":0,"21":0,"22":0,"23":0,"24":1,"25":0,"26":0,"27":0,"28":0,"29":0,"30":0,"31":0,"32":0,"33":0,"34":0,"35":0,"36":0,"37":0,"38":1,"39":0,"40":0,"41":0,"42":0,"43":0,"44":0,"45":0,"46":0,"47":0,"48":0,"49":0,"50":0,"51":0,"52":0,"53":0,"54":0,"55":0,"56":0,"57":0,"58":1,"59":0,"60":0,"61":0,"62":0,"63":0,"64":0,"65":0,"66":0,"67":0,"68":0,"69":0,"70":0,"71":0,"72":0,"73":0,"74":0,"75":0,"76":0,"77":0,"78":0,"79":0,"80":1,"81":1,"82":1,"83":0,"84":0,"85":0,"86":0,"87":0,"88":0,"89":0,"90":0,"91":0,"92":0,"93":0,"94":0,"95":0,"96":0,"97":0,"98":0,"99":0,"100":0,"101":0,"102":0,"103":0,"104":0,"105":0,"106":0,"107":0,"108":0,"109":0,"110":0,"111":0,"112":0,"113":0,"114":0,"115":0,"116":0,"117":0,"118":0,"119":0,"120":0,"121":0,"122":0},"b":{"1":[0,0],"2":[0,0],"3":[0,0],"4":[0,0],"5":[0,0],"6":[0,0],"7":[0,0],"8":[0,0],"9":[0,0],"10":[0,0],"11":[0,0],"12":[0,0],"13":[0,0],"14":[0,0],"15":[0,0],"16":[0,0],"17":[0,0],"18":[0,0],"19":[0,0]},"f":{"1":0,"2":0,"3":0,"4":0,"5":0,"6":0,"7":0,"8":0,"9":0,"10":0,"11":0,"12":0,"13":0,"14":0,"15":0,"16":0,"17":0,"18":0,"19":0,"20":0,"21":0,"22":0,"23":0,"24":0},"fnMap":{"1":{"name":"(anonymous_1)","line":19,"loc":{"start":{"line":19,"column":17},"end":{"line":19,"column":53}}},"2":{"name":"(anonymous_2)","line":31,"loc":{"start":{"line":31,"column":54},"end":{"line":31,"column":64}}},"3":{"name":"(anonymous_3)","line":45,"loc":{"start":{"line":45,"column":20},"end":{"line":45,"column":56}}},"4":{"name":"(anonymous_4)","line":68,"loc":{"start":{"line":68,"column":16},"end":{"line":68,"column":42}}},"5":{"name":"(anonymous_5)","line":79,"loc":{"start":{"line":79,"column":9},"end":{"line":79,"column":33}}},"6":{"name":"(anonymous_6)","line":87,"loc":{"start":{"line":87,"column":21},"end":{"line":87,"column":31}}},"7":{"name":"(anonymous_7)","line":88,"loc":{"start":{"line":88,"column":33},"end":{"line":88,"column":43}}},"8":{"name":"(anonymous_8)","line":89,"loc":{"start":{"line":89,"column":36},"end":{"line":89,"column":46}}},"9":{"name":"(anonymous_9)","line":90,"loc":{"start":{"line":90,"column":36},"end":{"line":90,"column":46}}},"10":{"name":"(anonymous_10)","line":91,"loc":{"start":{"line":91,"column":41},"end":{"line":91,"column":51}}},"11":{"name":"(anonymous_11)","line":110,"loc":{"start":{"line":110,"column":19},"end":{"line":110,"column":33}}},"12":{"name":"(anonymous_12)","line":115,"loc":{"start":{"line":115,"column":9},"end":{"line":115,"column":33}}},"13":{"name":"(anonymous_13)","line":122,"loc":{"start":{"line":122,"column":29},"end":{"line":122,"column":50}}},"14":{"name":"(anonymous_14)","line":157,"loc":{"start":{"line":157,"column":18},"end":{"line":157,"column":61}}},"15":{"name":"(anonymous_15)","line":205,"loc":{"start":{"line":205,"column":20},"end":{"line":205,"column":40}}},"16":{"name":"(anonymous_16)","line":206,"loc":{"start":{"line":206,"column":21},"end":{"line":206,"column":33}}},"17":{"name":"(anonymous_17)","line":207,"loc":{"start":{"line":207,"column":25},"end":{"line":207,"column":46}}},"18":{"name":"(anonymous_18)","line":213,"loc":{"start":{"line":213,"column":42},"end":{"line":213,"column":55}}},"19":{"name":"(anonymous_19)","line":230,"loc":{"start":{"line":230,"column":17},"end":{"line":230,"column":37}}},"20":{"name":"(anonymous_20)","line":234,"loc":{"start":{"line":234,"column":41},"end":{"line":234,"column":54}}},"21":{"name":"(anonymous_21)","line":246,"loc":{"start":{"line":246,"column":53},"end":{"line":246,"column":66}}},"22":{"name":"(anonymous_22)","line":249,"loc":{"start":{"line":249,"column":33},"end":{"line":249,"column":55}}},"23":{"name":"(anonymous_23)","line":250,"loc":{"start":{"line":250,"column":39},"end":{"line":250,"column":52}}},"24":{"name":"(anonymous_24)","line":254,"loc":{"start":{"line":254,"column":40},"end":{"line":254,"column":53}}}},"statementMap":{"1":{"start":{"line":1,"column":0},"end":{"line":1,"column":33}},"2":{"start":{"line":2,"column":0},"end":{"line":2,"column":37}},"3":{"start":{"line":3,"column":0},"end":{"line":3,"column":38}},"4":{"start":{"line":4,"column":0},"end":{"line":4,"column":34}},"5":{"start":{"line":5,"column":0},"end":{"line":5,"column":36}},"6":{"start":{"line":6,"column":0},"end":{"line":6,"column":33}},"7":{"start":{"line":7,"column":0},"end":{"line":7,"column":38}},"8":{"start":{"line":8,"column":0},"end":{"line":8,"column":41}},"9":{"start":{"line":9,"column":0},"end":{"line":9,"column":44}},"10":{"start":{"line":19,"column":0},"end":{"line":35,"column":1}},"11":{"start":{"line":20,"column":2},"end":{"line":20,"column":21}},"12":{"start":{"line":21,"column":2},"end":{"line":21,"column":47}},"13":{"start":{"line":22,"column":2},"end":{"line":22,"column":27}},"14":{"start":{"line":23,"column":2},"end":{"line":23,"column":31}},"15":{"start":{"line":24,"column":2},"end":{"line":24,"column":32}},"16":{"start":{"line":25,"column":2},"end":{"line":25,"column":25}},"17":{"start":{"line":26,"column":2},"end":{"line":26,"column":28}},"18":{"start":{"line":27,"column":2},"end":{"line":27,"column":26}},"19":{"start":{"line":28,"column":2},"end":{"line":28,"column":29}},"20":{"start":{"line":29,"column":2},"end":{"line":29,"column":30}},"21":{"start":{"line":31,"column":2},"end":{"line":34,"column":4}},"22":{"start":{"line":32,"column":4},"end":{"line":32,"column":29}},"23":{"start":{"line":33,"column":4},"end":{"line":33,"column":34}},"24":{"start":{"line":45,"column":0},"end":{"line":59,"column":1}},"25":{"start":{"line":46,"column":2},"end":{"line":46,"column":21}},"26":{"start":{"line":47,"column":2},"end":{"line":47,"column":37}},"27":{"start":{"line":48,"column":2},"end":{"line":48,"column":36}},"28":{"start":{"line":49,"column":2},"end":{"line":49,"column":48}},"29":{"start":{"line":50,"column":2},"end":{"line":50,"column":27}},"30":{"start":{"line":51,"column":2},"end":{"line":51,"column":31}},"31":{"start":{"line":52,"column":2},"end":{"line":52,"column":32}},"32":{"start":{"line":53,"column":2},"end":{"line":53,"column":25}},"33":{"start":{"line":54,"column":2},"end":{"line":54,"column":28}},"34":{"start":{"line":55,"column":2},"end":{"line":55,"column":26}},"35":{"start":{"line":56,"column":2},"end":{"line":56,"column":29}},"36":{"start":{"line":57,"column":2},"end":{"line":57,"column":30}},"37":{"start":{"line":58,"column":2},"end":{"line":58,"column":44}},"38":{"start":{"line":68,"column":0},"end":{"line":100,"column":1}},"39":{"start":{"line":70,"column":2},"end":{"line":75,"column":3}},"40":{"start":{"line":71,"column":4},"end":{"line":71,"column":21}},"41":{"start":{"line":72,"column":4},"end":{"line":72,"column":21}},"42":{"start":{"line":74,"column":4},"end":{"line":74,"column":41}},"43":{"start":{"line":77,"column":2},"end":{"line":77,"column":48}},"44":{"start":{"line":79,"column":2},"end":{"line":99,"column":3}},"45":{"start":{"line":81,"column":4},"end":{"line":85,"column":5}},"46":{"start":{"line":82,"column":6},"end":{"line":82,"column":42}},"47":{"start":{"line":82,"column":29},"end":{"line":82,"column":42}},"48":{"start":{"line":83,"column":6},"end":{"line":83,"column":31}},"49":{"start":{"line":84,"column":6},"end":{"line":84,"column":48}},"50":{"start":{"line":87,"column":4},"end":{"line":98,"column":6}},"51":{"start":{"line":88,"column":6},"end":{"line":97,"column":8}},"52":{"start":{"line":89,"column":8},"end":{"line":96,"column":10}},"53":{"start":{"line":90,"column":10},"end":{"line":95,"column":12}},"54":{"start":{"line":91,"column":12},"end":{"line":94,"column":14}},"55":{"start":{"line":92,"column":14},"end":{"line":92,"column":51}},"56":{"start":{"line":92,"column":30},"end":{"line":92,"column":51}},"57":{"start":{"line":93,"column":14},"end":{"line":93,"column":20}},"58":{"start":{"line":110,"column":0},"end":{"line":137,"column":1}},"59":{"start":{"line":111,"column":2},"end":{"line":111,"column":97}},"60":{"start":{"line":112,"column":2},"end":{"line":112,"column":37}},"61":{"start":{"line":113,"column":2},"end":{"line":113,"column":40}},"62":{"start":{"line":115,"column":2},"end":{"line":135,"column":3}},"63":{"start":{"line":116,"column":4},"end":{"line":116,"column":55}},"64":{"start":{"line":117,"column":4},"end":{"line":117,"column":77}},"65":{"start":{"line":118,"column":4},"end":{"line":118,"column":83}},"66":{"start":{"line":120,"column":4},"end":{"line":120,"column":33}},"67":{"start":{"line":120,"column":20},"end":{"line":120,"column":33}},"68":{"start":{"line":122,"column":4},"end":{"line":133,"column":6}},"69":{"start":{"line":123,"column":6},"end":{"line":123,"column":34}},"70":{"start":{"line":123,"column":16},"end":{"line":123,"column":34}},"71":{"start":{"line":124,"column":6},"end":{"line":124,"column":29}},"72":{"start":{"line":124,"column":16},"end":{"line":124,"column":29}},"73":{"start":{"line":126,"column":6},"end":{"line":126,"column":63}},"74":{"start":{"line":127,"column":6},"end":{"line":127,"column":51}},"75":{"start":{"line":128,"column":6},"end":{"line":128,"column":53}},"76":{"start":{"line":129,"column":6},"end":{"line":129,"column":26}},"77":{"start":{"line":130,"column":6},"end":{"line":130,"column":87}},"78":{"start":{"line":131,"column":6},"end":{"line":131,"column":72}},"79":{"start":{"line":132,"column":6},"end":{"line":132,"column":19}},"80":{"start":{"line":139,"column":0},"end":{"line":139,"column":17}},"81":{"start":{"line":148,"column":0},"end":{"line":148,"column":32}},"82":{"start":{"line":157,"column":0},"end":{"line":264,"column":1}},"83":{"start":{"line":163,"column":2},"end":{"line":166,"column":3}},"84":{"start":{"line":164,"column":4},"end":{"line":164,"column":27}},"85":{"start":{"line":165,"column":4},"end":{"line":165,"column":22}},"86":{"start":{"line":168,"column":2},"end":{"line":170,"column":3}},"87":{"start":{"line":169,"column":4},"end":{"line":169,"column":22}},"88":{"start":{"line":177,"column":2},"end":{"line":183,"column":3}},"89":{"start":{"line":178,"column":4},"end":{"line":178,"column":54}},"90":{"start":{"line":179,"column":4},"end":{"line":179,"column":57}},"91":{"start":{"line":180,"column":4},"end":{"line":180,"column":72}},"92":{"start":{"line":182,"column":4},"end":{"line":182,"column":24}},"93":{"start":{"line":191,"column":2},"end":{"line":198,"column":3}},"94":{"start":{"line":192,"column":4},"end":{"line":197,"column":6}},"95":{"start":{"line":205,"column":2},"end":{"line":222,"column":3}},"96":{"start":{"line":206,"column":4},"end":{"line":221,"column":6}},"97":{"start":{"line":207,"column":6},"end":{"line":220,"column":8}},"98":{"start":{"line":208,"column":8},"end":{"line":219,"column":9}},"99":{"start":{"line":209,"column":10},"end":{"line":209,"column":21}},"100":{"start":{"line":211,"column":10},"end":{"line":218,"column":11}},"101":{"start":{"line":212,"column":12},"end":{"line":212,"column":83}},"102":{"start":{"line":213,"column":12},"end":{"line":215,"column":14}},"103":{"start":{"line":214,"column":14},"end":{"line":214,"column":44}},"104":{"start":{"line":217,"column":12},"end":{"line":217,"column":18}},"105":{"start":{"line":230,"column":2},"end":{"line":240,"column":3}},"106":{"start":{"line":231,"column":4},"end":{"line":231,"column":32}},"107":{"start":{"line":232,"column":4},"end":{"line":239,"column":5}},"108":{"start":{"line":233,"column":6},"end":{"line":233,"column":52}},"109":{"start":{"line":234,"column":6},"end":{"line":236,"column":8}},"110":{"start":{"line":235,"column":8},"end":{"line":235,"column":70}},"111":{"start":{"line":238,"column":6},"end":{"line":238,"column":12}},"112":{"start":{"line":246,"column":2},"end":{"line":262,"column":4}},"113":{"start":{"line":247,"column":4},"end":{"line":247,"column":28}},"114":{"start":{"line":247,"column":12},"end":{"line":247,"column":28}},"115":{"start":{"line":249,"column":4},"end":{"line":261,"column":6}},"116":{"start":{"line":250,"column":6},"end":{"line":260,"column":8}},"117":{"start":{"line":251,"column":8},"end":{"line":259,"column":9}},"118":{"start":{"line":252,"column":10},"end":{"line":252,"column":23}},"119":{"start":{"line":254,"column":10},"end":{"line":258,"column":12}},"120":{"start":{"line":255,"column":12},"end":{"line":255,"column":54}},"121":{"start":{"line":256,"column":12},"end":{"line":256,"column":39}},"122":{"start":{"line":257,"column":12},"end":{"line":257,"column":40}}},"branchMap":{"1":{"line":31,"type":"binary-expr","locations":[{"start":{"line":31,"column":20},"end":{"line":31,"column":32}},{"start":{"line":31,"column":36},"end":{"line":31,"column":40}}]},"2":{"line":58,"type":"binary-expr","locations":[{"start":{"line":58,"column":13},"end":{"line":58,"column":25}},{"start":{"line":58,"column":29},"end":{"line":58,"column":33}}]},"3":{"line":70,"type":"if","locations":[{"start":{"line":70,"column":2},"end":{"line":70,"column":2}},{"start":{"line":70,"column":2},"end":{"line":70,"column":2}}]},"4":{"line":81,"type":"if","locations":[{"start":{"line":81,"column":4},"end":{"line":81,"column":4}},{"start":{"line":81,"column":4},"end":{"line":81,"column":4}}]},"5":{"line":82,"type":"if","locations":[{"start":{"line":82,"column":6},"end":{"line":82,"column":6}},{"start":{"line":82,"column":6},"end":{"line":82,"column":6}}]},"6":{"line":92,"type":"if","locations":[{"start":{"line":92,"column":14},"end":{"line":92,"column":14}},{"start":{"line":92,"column":14},"end":{"line":92,"column":14}}]},"7":{"line":120,"type":"if","locations":[{"start":{"line":120,"column":4},"end":{"line":120,"column":4}},{"start":{"line":120,"column":4},"end":{"line":120,"column":4}}]},"8":{"line":123,"type":"if","locations":[{"start":{"line":123,"column":6},"end":{"line":123,"column":6}},{"start":{"line":123,"column":6},"end":{"line":123,"column":6}}]},"9":{"line":124,"type":"if","locations":[{"start":{"line":124,"column":6},"end":{"line":124,"column":6}},{"start":{"line":124,"column":6},"end":{"line":124,"column":6}}]},"10":{"line":130,"type":"cond-expr","locations":[{"start":{"line":130,"column":58},"end":{"line":130,"column":80}},{"start":{"line":130,"column":83},"end":{"line":130,"column":85}}]},"11":{"line":163,"type":"if","locations":[{"start":{"line":163,"column":2},"end":{"line":163,"column":2}},{"start":{"line":163,"column":2},"end":{"line":163,"column":2}}]},"12":{"line":168,"type":"if","locations":[{"start":{"line":168,"column":2},"end":{"line":168,"column":2}},{"start":{"line":168,"column":2},"end":{"line":168,"column":2}}]},"13":{"line":191,"type":"if","locations":[{"start":{"line":191,"column":2},"end":{"line":191,"column":2}},{"start":{"line":191,"column":2},"end":{"line":191,"column":2}}]},"14":{"line":208,"type":"if","locations":[{"start":{"line":208,"column":8},"end":{"line":208,"column":8}},{"start":{"line":208,"column":8},"end":{"line":208,"column":8}}]},"15":{"line":211,"type":"if","locations":[{"start":{"line":211,"column":10},"end":{"line":211,"column":10}},{"start":{"line":211,"column":10},"end":{"line":211,"column":10}}]},"16":{"line":232,"type":"if","locations":[{"start":{"line":232,"column":4},"end":{"line":232,"column":4}},{"start":{"line":232,"column":4},"end":{"line":232,"column":4}}]},"17":{"line":232,"type":"binary-expr","locations":[{"start":{"line":232,"column":7},"end":{"line":232,"column":44}},{"start":{"line":232,"column":48},"end":{"line":232,"column":139}}]},"18":{"line":247,"type":"if","locations":[{"start":{"line":247,"column":4},"end":{"line":247,"column":4}},{"start":{"line":247,"column":4},"end":{"line":247,"column":4}}]},"19":{"line":251,"type":"if","locations":[{"start":{"line":251,"column":8},"end":{"line":251,"column":8}},{"start":{"line":251,"column":8},"end":{"line":251,"column":8}}]}},"code":["var path        = require('path')","var fs          = require('fs-extra')","var terraform   = require('terraform')","var async       = require('async')","var connect     = require('connect')","var mime        = require('mime')","var helpers     = require('./helpers')","var middleware  = require('./middleware')","var pkg         = require('../package.json')","","","/**"," * Server"," *"," * Host a single Harp application."," *"," */","","exports.server = function(dirPath, options, callback){","  var app = connect()","  app.use(middleware.regProjectFinder(dirPath))","  app.use(middleware.setup)","  app.use(middleware.basicAuth)","  app.use(middleware.underscore)","  app.use(middleware.mwl)","  app.use(middleware.static)","  app.use(middleware.poly)","  app.use(middleware.process)","  app.use(middleware.fallback)","","  return app.listen(options.port || 9966, options.ip, function(){","    app.projectPath = dirPath","    callback.apply(app, arguments)","  })","}","","","/**"," * Multihost"," *"," * Host multiple Harp applications."," *"," */","","exports.multihost = function(dirPath, options, callback){","  var app = connect()","  app.use(middleware.notMultihostURL)","  app.use(middleware.index(dirPath))","  app.use(middleware.hostProjectFinder(dirPath))","  app.use(middleware.setup)","  app.use(middleware.basicAuth)","  app.use(middleware.underscore)","  app.use(middleware.mwl)","  app.use(middleware.static)","  app.use(middleware.poly)","  app.use(middleware.process)","  app.use(middleware.fallback)","  app.listen(options.port || 9000, callback)","}","","/**"," * Mount"," *"," * Offer the asset pipeline as connect middleware"," *"," */","","exports.mount = function(mountPoint, root){","","  if(!root){","    root = mountPoint","    mountPoint = null","  }else{","    var rx = new RegExp(\"^\" + mountPoint)","  }","","  var finder = middleware.regProjectFinder(root)","","  return function(req, rsp, next){","","    if(rx){","      if(!req.url.match(rx)) return next()","      var originalUrl = req.url","      req.url         = req.url.replace(rx, \"/\")","    }","","    finder(req, rsp, function(){","      middleware.setup(req, rsp, function(){","        middleware.static(req, rsp, function(){","          middleware.poly(req, rsp, function(){","            middleware.process(req, rsp, function(){","              if(originalUrl) req.url = originalUrl","              next()","            })","          })","        })","      })","    })","  }","}","","","/**"," * Pipeline"," *"," * Offer the asset pipeline as connect middleware"," *"," */","","exports.pipeline = function(root){","  console.log(\"Deprecated, please use MOUNT instead, this will be removed in a future version.\");","  var publicPath = path.resolve(root)","  var terra = terraform.root(publicPath)","","  return function(req, rsp, next){","    var normalizedPath  = helpers.normalizeUrl(req.url)","    var priorityList    = terraform.helpers.buildPriorityList(normalizedPath)","    var sourceFile      = terraform.helpers.findFirstFile(publicPath, priorityList)","","    if(!sourceFile) return next()","","    terra.render(sourceFile, function(error, body){","      if(error) return next(error)","      if(!body) return next() // 404","","      var outputType = terraform.helpers.outputType(sourceFile)","      var mimeType   = helpers.mimeType(outputType)","      var charset    = mime.charsets.lookup(mimeType)","      rsp.statusCode = 200","      rsp.setHeader('Content-Type', mimeType + (charset ? '; charset=' + charset : ''))","      rsp.setHeader('Content-Length', Buffer.byteLength(body, charset));","      rsp.end(body)","    })","","  }","","}","","exports.pkg = pkg","","/**"," * Export middleware"," *"," * Make sure middleware is accessible"," * when using harp as a library"," *"," */","exports.middleware = middleware;","","/**"," * Compile"," *"," * Compiles Single Harp Application."," *"," */","","exports.compile = function(projectPath, outputPath, callback){","","  /**","   * Both projectPath and outputPath are optional","   */","","  if(!callback){","    callback   = outputPath","    outputPath = \"www\"","  }","","  if(!outputPath){","    outputPath = \"www\"","  }","","","  /**","   * Setup all the paths and collect all the data","   */","","  try{","    outputPath = path.resolve(projectPath, outputPath)","    var setup  = helpers.setup(projectPath, \"production\")","    var terra   = terraform.root(setup.publicPath, setup.config.globals)","  }catch(err){","    return callback(err)","  }","","","  /**","   * Protect the user (as much as possible) from compiling up the tree","   * resulting in the project deleting its own source code.","   */","","  if(!helpers.willAllow(projectPath, outputPath)){","    return callback({","      type: \"Invalid Output Path\",","      message: \"Output path cannot be greater then one level up from project path and must be in directory starting with `_` (underscore).\",","      projectPath: projectPath,","      outputPath: outputPath","    })","  }","","","  /**","   * Compile and save file","   */","","  var compileFile = function(file, done){","    process.nextTick(function () {","      terra.render(file, function(error, body){","        if(error){","          done(error)","        }else{","          if(body){","            var dest = path.resolve(outputPath, terraform.helpers.outputPath(file))","            fs.mkdirp(path.dirname(dest), function(err){","              fs.writeFile(dest, body, done)","            })","          }else{","            done()","          }","        }","      })","    })","  }","","","  /**","   * Copy File","   *","   * TODO: reference ignore extensions from a terraform helper.","   */","  var copyFile = function(file, done){","    var ext = path.extname(file)","    if(!terraform.helpers.shouldIgnore(file) && [\".jade\", \".ejs\", \".md\", \".styl\", \".less\", \".scss\", \".sass\", \".coffee\"].indexOf(ext) === -1){","      var localPath = path.resolve(outputPath, file)","      fs.mkdirp(path.dirname(localPath), function(err){","        fs.copy(path.resolve(setup.publicPath, file), localPath, done)","      })","    }else{","      done()","    }","  }","","  /**","   * Scan dir, Compile Less and Jade, Copy the others","   */","","  helpers.prime(outputPath, { ignore: projectPath }, function(err){","    if(err) console.log(err)","","    helpers.ls(setup.publicPath, function(err, results){","      async.each(results, compileFile, function(err){","        if(err){","          callback(err)","        }else{","          async.each(results, copyFile, function(err){","            setup.config['harp_version'] = pkg.version","            delete setup.config.globals","            callback(null, setup.config)","          })","        }","      })","    })","  })","","}",""],"l":{"1":1,"2":1,"3":1,"4":1,"5":1,"6":1,"7":1,"8":1,"9":1,"19":1,"20":0,"21":0,"22":0,"23":0,"24":0,"25":0,"26":0,"27":0,"28":0,"29":0,"31":0,"32":0,"33":0,"45":1,"46":0,"47":0,"48":0,"49":0,"50":0,"51":0,"52":0,"53":0,"54":0,"55":0,"56":0,"57":0,"58":0,"68":1,"70":0,"71":0,"72":0,"74":0,"77":0,"79":0,"81":0,"82":0,"83":0,"84":0,"87":0,"88":0,"89":0,"90":0,"91":0,"92":0,"93":0,"110":1,"111":0,"112":0,"113":0,"115":0,"116":0,"117":0,"118":0,"120":0,"122":0,"123":0,"124":0,"126":0,"127":0,"128":0,"129":0,"130":0,"131":0,"132":0,"139":1,"148":1,"157":1,"163":0,"164":0,"165":0,"168":0,"169":0,"177":0,"178":0,"179":0,"180":0,"182":0,"191":0,"192":0,"205":0,"206":0,"207":0,"208":0,"209":0,"211":0,"212":0,"213":0,"214":0,"217":0,"230":0,"231":0,"232":0,"233":0,"234":0,"235":0,"238":0,"246":0,"247":0,"249":0,"250":0,"251":0,"252":0,"254":0,"255":0,"256":0,"257":0}},"/home/travis/build/npmtest/node-npmtest-harp/node_modules/harp-minify/lib/index.js":{"path":"/home/travis/build/npmtest/node-npmtest-harp/node_modules/harp-minify/lib/index.js","s":{"1":1,"2":1,"3":1,"4":1,"5":1,"6":0,"7":0,"8":0,"9":0,"10":0,"11":1,"12":0,"13":0,"14":0,"15":1,"16":0,"17":1,"18":0},"b":{"1":[0,0],"2":[0,0]},"f":{"1":0,"2":0,"3":0,"4":0},"fnMap":{"1":{"name":"minify","line":15,"loc":{"start":{"line":15,"column":27},"end":{"line":15,"column":58}}},"2":{"name":"(anonymous_2)","line":31,"loc":{"start":{"line":31,"column":21},"end":{"line":31,"column":45}}},"3":{"name":"(anonymous_3)","line":44,"loc":{"start":{"line":44,"column":14},"end":{"line":44,"column":32}}},"4":{"name":"(anonymous_4)","line":55,"loc":{"start":{"line":55,"column":15},"end":{"line":55,"column":33}}}},"statementMap":{"1":{"start":{"line":2,"column":0},"end":{"line":2,"column":31}},"2":{"start":{"line":3,"column":0},"end":{"line":3,"column":44}},"3":{"start":{"line":4,"column":0},"end":{"line":4,"column":36}},"4":{"start":{"line":5,"column":0},"end":{"line":5,"column":34}},"5":{"start":{"line":15,"column":0},"end":{"line":20,"column":2}},"6":{"start":{"line":16,"column":2},"end":{"line":16,"column":28}},"7":{"start":{"line":17,"column":2},"end":{"line":17,"column":25}},"8":{"start":{"line":18,"column":2},"end":{"line":18,"column":60}},"9":{"start":{"line":18,"column":11},"end":{"line":18,"column":60}},"10":{"start":{"line":19,"column":2},"end":{"line":19,"column":26}},"11":{"start":{"line":30,"column":0},"end":{"line":35,"column":2}},"12":{"start":{"line":32,"column":2},"end":{"line":32,"column":20}},"13":{"start":{"line":33,"column":2},"end":{"line":33,"column":25}},"14":{"start":{"line":34,"column":2},"end":{"line":34,"column":42}},"15":{"start":{"line":44,"column":0},"end":{"line":46,"column":2}},"16":{"start":{"line":45,"column":2},"end":{"line":45,"column":31}},"17":{"start":{"line":55,"column":0},"end":{"line":57,"column":2}},"18":{"start":{"line":56,"column":2},"end":{"line":56,"column":29}}},"branchMap":{"1":{"line":18,"type":"if","locations":[{"start":{"line":18,"column":2},"end":{"line":18,"column":2}},{"start":{"line":18,"column":2},"end":{"line":18,"column":2}}]},"2":{"line":32,"type":"binary-expr","locations":[{"start":{"line":32,"column":9},"end":{"line":32,"column":13}},{"start":{"line":32,"column":17},"end":{"line":32,"column":19}}]}},"code":["","var sqwish = require('sqwish');","var detect = require('language-classifier');","var html = require('html-minifier');","var uglify = require('uglify-js');","","/**"," * Minify a `string` of an unknown language."," *"," * @param {String} string"," * @param {Object} opts"," * @return {String}"," */","","module.exports = exports = function minify (string, opts) {","  var lang = detect(string);","  var fn = exports[lang];","  if (!fn) throw new Error('Unsupported language: ' + lang);","  return fn(string, opts);","};","","/**"," * Minify a Javascript `string` with optional `opts`."," *"," * @param {String} string"," * @param {Object} opts"," * @return {String}"," */","","exports.js =","exports.javascript = function (string, opts) {","  opts = opts || {};","  opts.fromString = true;","  return uglify.minify(string, opts).code;","};","","/**"," * Minify a CSS `string`."," *"," * @param {String} string"," * @return {String}"," */","","exports.css = function (string) {","  return sqwish.minify(string);","};","","/**"," * Minify an HTML `string`."," *"," * @param {String} string"," * @return {String}"," */","","exports.html = function (string) {","  return html.minify(string);","};",""],"l":{"2":1,"3":1,"4":1,"5":1,"15":1,"16":0,"17":0,"18":0,"19":0,"30":1,"32":0,"33":0,"34":0,"44":1,"45":0,"55":1,"56":0}},"/home/travis/build/npmtest/node-npmtest-harp/node_modules/harp/lib/helpers.js":{"path":"/home/travis/build/npmtest/node-npmtest-harp/node_modules/harp/lib/helpers.js","s":{"1":1,"2":1,"3":1,"4":1,"5":1,"6":1,"7":1,"8":0,"9":0,"10":0,"11":0,"12":0,"13":1,"14":0,"15":0,"16":0,"17":0,"18":0,"19":0,"20":0,"21":0,"22":1,"23":0,"24":0,"25":0,"26":0,"27":0,"28":0,"29":0,"30":0,"31":0,"32":0,"33":0,"34":0,"35":0,"36":0,"37":0,"38":0,"39":0,"40":0,"41":1,"42":0,"43":0,"44":0,"45":0,"46":0,"47":1,"48":0,"49":0,"50":0,"51":0,"52":0,"53":0,"54":0,"55":0,"56":0,"57":0,"58":0,"59":0,"60":0,"61":0,"62":0,"63":0,"64":0,"65":0,"66":0,"67":0,"68":0,"69":0,"70":0,"71":0,"72":0,"73":0,"74":0,"75":0,"76":1,"77":0,"78":0,"79":1,"80":0,"81":0,"82":0,"83":0,"84":0,"85":0,"86":0,"87":0,"88":0,"89":0,"90":0,"91":0,"92":0,"93":1,"94":0,"95":0,"96":0,"97":0,"98":0,"99":0,"100":0,"101":0,"102":0,"103":0,"104":0,"105":1,"106":0,"107":0,"108":0,"109":0,"110":0,"111":0,"112":0,"113":0,"114":0,"115":0,"116":0,"117":0,"118":0,"119":0,"120":0,"121":0,"122":0,"123":0,"124":0,"125":0,"126":0,"127":0,"128":1,"129":0,"130":0,"131":0,"132":0,"133":0,"134":0,"135":0,"136":0,"137":0,"138":0,"139":0,"140":0,"141":0},"b":{"1":[0,0],"2":[0,0],"3":[0,0],"4":[0,0],"5":[0,0],"6":[0,0],"7":[0,0],"8":[0,0],"9":[0,0],"10":[0,0],"11":[0,0],"12":[0,0],"13":[0,0],"14":[0,0],"15":[0,0],"16":[0,0],"17":[0,0],"18":[0,0],"19":[0,0],"20":[0,0],"21":[0,0],"22":[0,0],"23":[0,0],"24":[0,0],"25":[0,0],"26":[0,0],"27":[0,0],"28":[0,0],"29":[0,0],"30":[0,0],"31":[0,0],"32":[0,0]},"f":{"1":0,"2":0,"3":0,"4":0,"5":0,"6":0,"7":0,"8":0,"9":0,"10":0,"11":0,"12":0,"13":0,"14":0,"15":0,"16":0,"17":0,"18":0,"19":0,"20":0,"21":0,"22":0},"fnMap":{"1":{"name":"(anonymous_1)","line":17,"loc":{"start":{"line":17,"column":23},"end":{"line":17,"column":36}}},"2":{"name":"(anonymous_2)","line":46,"loc":{"start":{"line":46,"column":19},"end":{"line":46,"column":35}}},"3":{"name":"(anonymous_3)","line":71,"loc":{"start":{"line":71,"column":11},"end":{"line":71,"column":31}}},"4":{"name":"(anonymous_4)","line":74,"loc":{"start":{"line":74,"column":18},"end":{"line":74,"column":38}}},"5":{"name":"(anonymous_5)","line":81,"loc":{"start":{"line":81,"column":17},"end":{"line":81,"column":32}}},"6":{"name":"(anonymous_6)","line":83,"loc":{"start":{"line":83,"column":20},"end":{"line":83,"column":40}}},"7":{"name":"(anonymous_7)","line":85,"loc":{"start":{"line":85,"column":21},"end":{"line":85,"column":40}}},"8":{"name":"(anonymous_8)","line":107,"loc":{"start":{"line":107,"column":13},"end":{"line":107,"column":37}}},"9":{"name":"(anonymous_9)","line":108,"loc":{"start":{"line":108,"column":12},"end":{"line":108,"column":34}}},"10":{"name":"(anonymous_10)","line":110,"loc":{"start":{"line":110,"column":16},"end":{"line":110,"column":30}}},"11":{"name":"(an
[...]
{","  var host      = req.headers.host","  var hostname  = host.split(':')[0]","  var arr       = hostname.split(\".\")","  var port      = host.split(':')[1] ? ':' + host.split(':')[1] : ''","","  if(hostname == \"127.0.0.1\" || hostname == \"localhost\"){","    rsp.statusCode = 307","    rsp.setHeader('Location', 'http://harp.nu' + port)","    rsp.end(\"redirecting you to http://harp.nu\" + port)","  }else if(arr.length == 4){","    arr.pop()","    arr.push('io')","    var link = 'http://' + arr.join('.') + port","    var body = \"Local server does not support history. Perhaps you are looking for <href='\" + link + \"'>\" + link + \"</a>.\"","    rsp.statusCode = 307","    rsp.end(body)","  }else if(arr.length > 4){","    arr.shift()","    var link = 'http://' + arr.join('.') + port","    rsp.statusCode = 307","    rsp.setHeader('Location', link)","    rsp.end(\"redirecting you to \" + link)","  }else{","    next()","  }","}","","var reservedDomains = [\"harp.io\", \"harpdev.io\", \"harpapp.io\"];","exports.index = function(dirPath){","  return function(req, rsp, next){","    var host      = req.headers.host;","    var hostname  = host.split(':')[0];","    var arr       = hostname.split(\".\");","    var port      = host.split(':')[1] ? ':' + host.split(':')[1] : '';","    var poly      = terraform.root(__dirname + \"/templates\");","","    if(arr.length == 2){","      fs.readdir(dirPath, function(err, files){","        var projects = [];","","        files.forEach(function(file){","          var local = file.split('.');","","          var appPart = local.join(\"_\");","","          if (local.length > 2) {","            var domain = local.slice(Math.max(local.length - 2, 1)).join(\".\");","            if (reservedDomains.indexOf(domain) != -1) {","              appPart =  local[0];","            }","          }","","          // DOT files are ignored.","          if (file[0] !== \".\") {","            projects.push({","              \"name\"      : file,","              \"localUrl\"  : 'http://' + appPart + \".\" + host,","              \"localPath\" : path.resolve(dirPath, file)","            });","          }","        });","","        poly.render(\"index.jade\", { pkg: pkg, projects: projects, layout: \"_layout.jade\" }, function(error, body){","          rsp.end(body)","        });","      })","    } else {","      next();","    }","  }","}","","exports.hostProjectFinder = function(dirPath){","  return function(req, rsp, next){","    var host        = req.headers.host;","    var hostname    = host.split(':')[0];","    var matches     = [];","","    fs.readdir(dirPath, function(err, files){","      var appPart = hostname.split(\".\")[0];","      files.forEach(function(file){","        var fp = file.split('.');","        var filePart;","        // Check against Reserved Domains first.","        if (fp.length > 2) {","          var domain = fp.slice(Math.max(fp.length - 2, 1)).join(\".\");","          if (reservedDomains.indexOf(domain) != -1) {","            fp = fp.slice(0, Math.max(fp.length - 2))","          }","        }","","        filePart = fp.join(\"_\");","        if (appPart == filePart) {","          matches.push(file);","        }","      });","","      if(matches.length > 0){","        req.projectPath = path.resolve(dirPath, matches[0]);","        next();","      } else {","        rsp.end(\"Cannot find project\")","      }","","    });","  }","}","","exports.regProjectFinder = function(projectPath){","  return function(req, rsp, next){","    req.projectPath = projectPath","    next()","  }","}","","/**"," * Fallbacks"," *"," * This is the logic behind rendering fallback files."," *"," *  1. return static 200.html file"," *  2. compile and return 200.xxx"," *  3. return static 404.html file"," *  4. compile and return 404.xxx file"," *  5. default 404"," *"," * It is broken into two public functions `fallback`, and `notFound`"," *"," */","","var fallback = exports.fallback = function(req, rsp, next){","  skin(req, rsp, [custom200static, custom200dynamic, notFound], next)","}","","var notFound = exports.notFound = function(req, rsp, next){","  skin(req, rsp, [custom404static, custom404dynamic, default404], next)","}","","","/**"," * Custom 200"," *"," *  1. return static 200.html file"," *  2. compile and return 200.xxx file"," *"," */","","var custom200static = function(req, rsp, next){","  fs.readFile(path.resolve(req.setup.publicPath, \"200.html\"), function(err, contents){","    if(contents){","      var body    = contents.toString()","      var type    = helpers.mimeType(\"html\")","      var charset = mime.charsets.lookup(type)","      rsp.setHeader('Content-Type', type + (charset ? '; charset=' + charset : ''))","      rsp.setHeader('Content-Length', Buffer.byteLength(body, charset));","      rsp.statusCode = 200","      rsp.end(body)","    }else{","      next()","    }","  })","}","","/**"," * Custom 200 (jade, md, ejs)"," *"," *  1. return static 200.html file"," *  2. compile and return 404.xxx file"," *"," */","","var custom200dynamic = function(req, rsp, next){","  skin(req, rsp, [poly], function(){","    var priorityList  = terraform.helpers.buildPriorityList(\"200.html\")","    var sourceFile    = terraform.helpers.findFirstFile(req.setup.publicPath, priorityList)","    if(!sourceFile) return next()","","    req.poly.render(sourceFile, function(error, body){","      if(error){","        // TODO: make this better","        rsp.statusCode = 404;","        rsp.end(\"There is an error in your \" + sourceFile + \" file\")","      }else{","        if(!body) return next()","        var type    = helpers.mimeType(\"html\")","        var charset = mime.charsets.lookup(type)","        rsp.setHeader('Content-Type', type + (charset ? '; charset=' + charset : ''));","        rsp.setHeader('Content-Length', Buffer.byteLength(body, charset));","        rsp.statusCode = 200;","        rsp.end(body)","      }","    })","  })","}","","","/**"," * Custom 404 (html)"," *"," *  1. return static 404.html file"," *  2. compile and return 404.xxx file"," *"," * TODO: cache readFile IO"," *"," */","","var custom404static = function(req, rsp, next){","  fs.readFile(path.resolve(req.setup.publicPath, \"404.html\"), function(err, contents){","    if(contents){","      var body    = contents.toString()","      var type    = helpers.mimeType(\"html\")","      var charset = mime.charsets.lookup(type)","      rsp.setHeader('Content-Type', type + (charset ? '; charset=' + charset : ''))","      rsp.setHeader('Content-Length', Buffer.byteLength(body, charset));","      rsp.statusCode = 404","      rsp.end(body)","    }else{","      next()","    }","  })","}","","","/**"," * Custom 404 (jade, md, ejs)"," *"," *  1. return static 404.html file"," *  2. compile and return 404.xxx file"," *"," */","","var custom404dynamic = function(req, rsp, next){","  skin(req, rsp, [poly], function(){","    var priorityList  = terraform.helpers.buildPriorityList(\"404.html\")","    var sourceFile    = terraform.helpers.findFirstFile(req.setup.publicPath, priorityList)","    if(!sourceFile) return next()","","    req.poly.render(sourceFile, function(error, body){","      if(error){","        // TODO: make this better","        rsp.statusCode = 404;","        rsp.end(\"There is an error in your \" + sourceFile + \" file\")","      }else{","        if(!body) return next()","        var type    = helpers.mimeType(\"html\")","        var charset = mime.charsets.lookup(type)","        rsp.setHeader('Content-Type', type + (charset ? '; charset=' + charset : ''));","        rsp.setHeader('Content-Length', Buffer.byteLength(body, charset));","        rsp.statusCode = 404;","        rsp.end(body)","      }","    })","  })","}","","","/**"," * Default 404"," *"," * No 200 nor 404 files were found."," *"," */","","var default404 = function(req, rsp, next){","  var locals = {","    project: req.headers.host,","    name: \"Page Not Found\",","    pkg: pkg","  }","  terraform.root(__dirname + \"/templates\").render(\"404.jade\", locals, function(err, body){","    var type    = helpers.mimeType(\"html\")","    var charset = mime.charsets.lookup(type)","    rsp.setHeader('Content-Type', type + (charset ? '; charset=' + charset : ''));","    rsp.statusCode = 404","    rsp.setHeader('Content-Length', Buffer.byteLength(body, charset));","    rsp.end(body)","  })","}","","","/**"," * Underscore"," *"," * Returns 404 if path contains beginning underscore"," *"," */","exports.underscore = function(req, rsp, next){","  if(terraform.helpers.shouldIgnore(req.url)){","    notFound(req, rsp, next)","  }else{","    next()","  }","}","","/**"," * Modern Web Language"," *"," * Returns 404 if file is a precompiled"," *"," */","exports.mwl = function(req, rsp, next){","  var ext = path.extname(req.url).replace(/^\\./, '')","  req.originalExt = ext","","  // This prevents the source files from being served, but also","  // has to factor in that in this brave new world, sometimes","  // `.html` (Handlebars, others), `.css` (PostCSS), and","  // `.js` (Browserify) are actually being used to specify","  // source files","","  //if (['js'].indexOf(ext) === -1) {","    if (terraform.helpers.processors[\"html\"].indexOf(ext) !== -1 || terraform.helpers.processors[\"css\"].indexOf(ext) !== -1 || terraform.helpers.processors[\"js\"].indexOf(ext) !== -1) {","      notFound(req, rsp, next)","    } else {","      next()","    }","  //} else {","    //next()","  //}","}","","/**"," * Static"," *"," * Serves up static page (if it exists)."," *"," */","exports.static = function(req, res, next) {","  var options  = {}","  var redirect = true","","  if ('GET' != req.method && 'HEAD' != req.method) return next()","  //if (['js'].indexOf(path.extname(req.url).replace(/^\\./, '')) !== -1) return next()","","  var pathn = parse(req).pathname;","  var pause = utilsPause(req);","","  function resume() {","    next();","    pause.resume();","  }","","  function directory() {","","    if (!redirect) return resume();","    var pathname = url.parse(req.originalUrl).pathname;","    res.statusCode = 301;","    res.setHeader('Location', pathname + '/');","    res.end('Redirecting to ' + utilsEscape(pathname) + '/');","  }","","  function error(err) {","    if (404 == err.status){","      // look for implicit `*.html` if we get a 404","      return path.extname(err.path) === ''","        ? serve(pathn + \".html\")","        : resume()","    }","    next(err);","  }","","  var serve = function(pathn){","    send(req, pathn, {","        maxage: options.maxAge || 0,","        root: req.setup.publicPath,","        hidden: options.hidden","      })","      .on('error', error)","      .on('directory', directory)","      .pipe(res)","  }","  serve(pathn)","}","","/**"," * Opens the (optional) harp.json file and sets the config settings."," */","","exports.setup = function(req, rsp, next){","  if(req.hasOwnProperty('setup')) return next()","","  try{","    req.setup = helpers.setup(req.projectPath)","  }catch(error){","    error.stack = helpers.stacktrace(error.stack, { lineno: error.lineno })","","    var locals = {","      project: req.headers.host,","      error: error,","      pkg: pkg","    }","","    return terraform.root(__dirname + \"/templates\").render(\"error.jade\", locals, function(err, body){","      rsp.statusCode = 500","      rsp.end(body)","    })","  }","","  next()","}","","/**"," * Basic Auth"," */","","exports.basicAuth = function(req, rsp, next){","","  // default empty","  var creds = []","","  // allow array","  if(req.setup.config.hasOwnProperty(\"basicAuth\") && req.setup.config[\"basicAuth\"] instanceof Array)","    creds = req.setup.config[\"basicAuth\"]","","  // allow string","  if(req.setup.config.hasOwnProperty(\"basicAuth\") && typeof req.setup.config[\"basicAuth\"] === 'string')","    creds = [req.setup.config[\"basicAuth\"]]","","  // move on if no creds","  if(creds.length === 0) return next()","","  // use connect auth lib iterate over all creds provided","  connect.basicAuth(function(user, pass){","    return creds.some(function(cred){","      return cred === user + \":\" + pass","    })","  })(req, rsp, next)","}","","/**"," * Sets up the poly object"," */","","var poly = exports.poly = function(req, rsp, next){","  if(req.hasOwnProperty(\"poly\")) return next()","","  try{","    req.poly = terraform.root(req.setup.publicPath, req.setup.config.globals)","  }catch(error){","    error.stack = helpers.stacktrace(error.stack, { lineno: error.lineno })","    var locals = {","      project: req.headers.host,","      error: error,","      pkg: pkg","    }","    return terraform.root(__dirname + \"/templates\").render(\"error.jade\", locals, function(err, body){","      rsp.statusCode = 500","      rsp.end(body)","    })","  }","  next()","}","","","/**"," * Asset Pipeline"," */","","exports.process = function(req, rsp, next){","  var normalizedPath  = helpers.normalizeUrl(req.url)","  var priorityList    = terraform.helpers.buildPriorityList(normalizedPath)","  var sourceFile      = terraform.helpers.findFirstFile(req.setup.publicPath, priorityList)","","","  /**","   * We GTFO if we don't have a source file.","   */","","  if(!sourceFile){","    if (path.basename(normalizedPath) === \"index.html\") {","      var pathAr = normalizedPath.split(path.sep); pathAr.pop() // Pop index.html off the list","      var prospectCleanPath       = pathAr.join(\"/\")","      var prospectNormalizedPath  = helpers.normalizeUrl(prospectCleanPath)","      var prospectPriorityList    = terraform.helpers.buildPriorityList(prospectNormalizedPath)","      prospectPriorityList.push(path.basename(prospectNormalizedPath + \".html\"))","","      sourceFile = terraform.helpers.findFirstFile(req.setup.publicPath, prospectPriorityList)","","      if (!sourceFile) {","        return next()","      } else {","        // 301 redirect","        rsp.statusCode = 301","        rsp.setHeader('Location', prospectCleanPath)","        rsp.end('Redirecting to ' + utilsEscape(prospectCleanPath))","      }","","    } else {","      return next()","    }","  } else {","","    /**","     * Now we let terraform handle the asset pipeline.","     */","","    req.poly.render(sourceFile, function(error, body){","      if(error){","        error.stack = helpers.stacktrace(error.stack, { lineno: error.lineno })","","        var locals = {","          project: req.headers.host,","          error: error,","          pkg: pkg","        }","        if(terraform.helpers.outputType(sourceFile) == 'css'){","          var outputType = terraform.helpers.outputType(sourceFile)","          var mimeType   = helpers.mimeType(outputType)","          var charset    = mime.charsets.lookup(mimeType)","          var body       = helpers.cssError(locals)","          rsp.statusCode = 200","          rsp.setHeader('Content-Type', mimeType + (charset ? '; charset=' + charset : ''))","          rsp.setHeader('Content-Length', Buffer.byteLength(body, charset));","          rsp.end(body)","        }else{","","          // Make the paths relative but keep the root dir.","          // TODO: move to helper.","          //","          // var loc = req.projectPath.split(path.sep); loc.pop()","          // var loc = loc.join(path.sep) + path.sep","          // if(error.filename) error.filename = error.filename.replace(loc, \"\")","","          terraform.root(__dirname + \"/templates\").render(\"error.jade\", locals, function(err, body){","            var mimeType   = helpers.mimeType('html')","            var charset    = mime.charsets.lookup(mimeType)","            rsp.statusCode = 500","            rsp.setHeader('Content-Type', mimeType + (charset ? '; charset=' + charset : ''))","            rsp.setHeader('Content-Length', Buffer.byteLength(body, charset));","            rsp.end(body)","          })","        }","      }else{","        // 404","        if(!body) return next()","","        var outputType = terraform.helpers.outputType(sourceFile)","        var mimeType   = helpers.mimeType(outputType)","        var charset    = mime.charsets.lookup(mimeType)","        rsp.statusCode = 200","        rsp.setHeader('Content-Type', mimeType + (charset ? '; charset=' + charset : ''))","        rsp.setHeader('Content-Length', Buffer.byteLength(body, charset));","        rsp.end(body);","      }","    })","  }","","","","","","","","","","","}",""],"l":{"1":1,"2":1,"3":1,"4":1,"5":1,"6":1,"7":1,"8":1,"9":1,"10":1,"11":1,"12":1,"13":1,"15":1,"16":0,"17":0,"18":0,"19":0,"21":0,"22":0,"23":0,"24":0,"25":0,"26":0,"27":0,"28":0,"29":0,"30":0,"31":0,"32":0,"33":0,"34":0,"35":0,"36":0,"37":0,"39":0,"43":1,"44":1,"45":0,"46":0,"47":0,"48":0,"49":0,"50":0,"52":0,"53":0,"54":0,"56":0,"57":0,"59":0,"61":0,"62":0,"63":0,"64":0,"69":0,"70":0,"78":0,"79":0,"83":0,"88":1,"89":0,"90":0,"91":0,"92":0,"94":0,"95":0,"96":0,"97":0,"98":0,"100":0,"101":0,"102":0,"103":0,"107":0,"108":0,"109":0,"113":0,"114":0,"115":0,"117":0,"124":1,"125":0,"126":0,"127":0,"146":1,"147":0,"150":1,"151":0,"163":1,"164":0,"165":0,"166":0,"167":0,"168":0,"169":0,"170":0,"171":0,"172":0,"174":0,"187":1,"188":0,"189":0,"190":0,"191":0,"193":0,"194":0,"196":0,"197":0,"199":0,"200":0,"201":0,"202":0,"203":0,"204":0,"205":0,"222":1,"223":0,"224":0,"225":0,"226":0,"227":0,"228":0,"229":0,"230":0,"231":0,"233":0,"247":1,"248":0,"249":0,"250":0,"251":0,"253":0,"254":0,"256":0,"257":0,"259":0,"260":0,"261":0,"262":0,"263":0,"264":0,"265":0,"279":1,"280":0,"285":0,"286":0,"287":0,"288":0,"289":0,"290":0,"291":0,"302":1,"303":0,"304":0,"306":0,"316":1,"317":0,"318":0,"327":0,"328":0,"330":0,"343":1,"344":0,"345":0,"347":0,"350":0,"351":0,"353":1,"354":0,"355":0,"358":1,"360":0,"361":0,"362":0,"363":0,"364":0,"367":1,"368":0,"370":0,"374":0,"377":0,"378":0,"387":0,"394":1,"395":0,"397":0,"398":0,"400":0,"402":0,"408":0,"409":0,"410":0,"414":0,"421":1,"424":0,"427":0,"428":0,"431":0,"432":0,"435":0,"438":0,"439":0,"440":0,"449":1,"450":0,"452":0,"453":0,"455":0,"456":0,"461":0,"462":0,"463":0,"466":0,"474":1,"475":0,"476":0,"477":0,"484":0,"485":0,"486":0,"487":0,"488":0,"489":0,"490":0,"492":0,"494":0,"495":0,"498":0,"499":0,"500":0,"504":0,"512":0,"513":0,"514":0,"516":0,"521":0,"522":0,"523":0,"524":0,"525":0,"526":0,"527":0,"528":0,"529":0,"539":0,"540":0,"541":0,"542":0,"543":0,"544":0,"545":0,"550":0,"552":0,"553":0,"554":0,"555":0,"556":0,"557":0,"558":0}},"/home/travis/build/npmtest/node-npmtest-harp/node_modules/harp/lib/skin.js":{"path":"/home/travis/build/npmtest/node-npmtest-harp/node_modules/harp/lib/skin.js","s":{"1":1,"2":0,"3":0,"4":1,"5":0,"6":0,"7":0,"8":0,"9":0},"b":{"1":[0,0]},"f":{"1":0,"2":0},"fnMap":{"1":{"name":"(anonymous_1)","line":1,"loc":{"start":{"line":1,"column":17},"end":{"line":1,"column":52}}},"2":{"name":"next","line":5,"loc":{"start":{"line":5,"column":2},"end":{"line":5,"column":20}}}},"statementMap":{"1":{"start":{"line":1,"column":0},"end":{"line":12,"column":1}},"2":{"start":{"line":2,"column":2},"end":{"line":2,"column":18}},"3":{"start":{"line":3,"column":2},"end":{"line":3,"column":15}},"4":{"start":{"line":5,"column":2},"end":{"line":9,"column":3}},"5":{"start":{"line":6,"column":4},"end":{"line":6,"column":30}},"6":{"start":{"line":7,"column":4},"end":{"line":7,"column":46}},"7":{"start":{"line":7,"column":15},"end":{"line":7,"column":46}},"8":{"start":{"line":8,"column":4},"end":{"line":8,"column":36}},"9":{"start":{"line":11,"column":2},"end":{"line":11,"column":8}}},"branchMap":{"1":{"line":7,"type":"if","locations":[{"start":{"line":7,"column":4},"end":{"line":7,"column":4}},{"start":{"line":7,"column":4},"end":{"line":7,"column":4}}]}},"code":["module.exports = function(req, rsp, stack, callback){","  var that  = this","  var index = 0","","  function next(err){","    var layer = stack[index++]","    if(!layer) return callback(req, rsp, next)","    layer.call(that, req, rsp, next)","  }","","  next()","}"],"l":{"1":1,"2":0,"3":0,"5":1,"6":0,"7":0,"8":0,"11":0}}}